{"/tmp/npmtest/node-npmtest-cluster-service/test.js":{"path":"/tmp/npmtest/node-npmtest-cluster-service/test.js","s":{"1":2,"2":2,"3":2,"4":2,"5":2,"6":2,"7":2,"8":1,"9":2,"10":2,"11":1,"12":1,"13":1,"14":1,"15":2,"16":2,"17":2,"18":2,"19":1,"20":1,"21":2,"22":2,"23":2,"24":1,"25":1,"26":1,"27":1,"28":1,"29":1,"30":1,"31":1,"32":1,"33":1,"34":1,"35":1,"36":1,"37":1,"38":1,"39":2,"40":2,"41":1,"42":2,"43":2,"44":1,"45":2,"46":2,"47":1,"48":2,"49":2,"50":1,"51":1,"52":1,"53":1,"54":1},"b":{"1":[2,1,1,1],"2":[1,1,1,1],"3":[1,1],"4":[1,1],"5":[1,1],"6":[1,1],"7":[1,1],"8":[1,1],"9":[1,1],"10":[1,1,1],"11":[1,1],"12":[1,1],"13":[1,1],"14":[1,1],"15":[1,1],"16":[1,1],"17":[1,1]},"f":{"1":2,"2":2,"3":2,"4":2,"5":2,"6":1,"7":1,"8":1,"9":2,"10":2,"11":2,"12":2,"13":1},"fnMap":{"1":{"name":"(anonymous_1)","line":12,"loc":{"start":{"line":12,"column":1},"end":{"line":12,"column":13}}},"2":{"name":"(anonymous_2)","line":19,"loc":{"start":{"line":19,"column":5},"end":{"line":19,"column":17}}},"3":{"name":"(anonymous_3)","line":23,"loc":{"start":{"line":23,"column":24},"end":{"line":23,"column":36}}},"4":{"name":"(anonymous_4)","line":61,"loc":{"start":{"line":61,"column":5},"end":{"line":61,"column":17}}},"5":{"name":"(anonymous_5)","line":82,"loc":{"start":{"line":82,"column":5},"end":{"line":82,"column":17}}},"6":{"name":"(anonymous_6)","line":91,"loc":{"start":{"line":91,"column":77},"end":{"line":94,"column":10}}},"7":{"name":"(anonymous_7)","line":112,"loc":{"start":{"line":112,"column":83},"end":{"line":115,"column":10}},"skip":true},"8":{"name":"(anonymous_8)","line":123,"loc":{"start":{"line":123,"column":77},"end":{"line":126,"column":10}},"skip":true},"9":{"name":"(anonymous_9)","line":139,"loc":{"start":{"line":139,"column":12},"end":{"line":139,"column":40}},"skip":true},"10":{"name":"(anonymous_10)","line":147,"loc":{"start":{"line":147,"column":77},"end":{"line":150,"column":10}},"skip":true},"11":{"name":"(anonymous_11)","line":158,"loc":{"start":{"line":158,"column":83},"end":{"line":161,"column":10}},"skip":true},"12":{"name":"(anonymous_12)","line":169,"loc":{"start":{"line":169,"column":79},"end":{"line":172,"column":10}},"skip":true},"13":{"name":"(anonymous_13)","line":180,"loc":{"start":{"line":180,"column":75},"end":{"line":183,"column":10}},"skip":true}},"statementMap":{"1":{"start":{"line":12,"column":0},"end":{"line":195,"column":5}},"2":{"start":{"line":14,"column":4},"end":{"line":14,"column":14}},"3":{"start":{"line":19,"column":4},"end":{"line":56,"column":9}},"4":{"start":{"line":21,"column":8},"end":{"line":21,"column":19}},"5":{"start":{"line":23,"column":8},"end":{"line":35,"column":13}},"6":{"start":{"line":24,"column":12},"end":{"line":34,"column":13}},"7":{"start":{"line":25,"column":16},"end":{"line":28,"column":30}},"8":{"start":{"line":30,"column":16},"end":{"line":33,"column":27}},"9":{"start":{"line":37,"column":8},"end":{"line":39,"column":21}},"10":{"start":{"line":40,"column":8},"end":{"line":53,"column":9}},"11":{"start":{"line":43,"column":12},"end":{"line":46,"column":14}},"12":{"start":{"line":47,"column":12},"end":{"line":47,"column":18}},"13":{"start":{"line":50,"column":12},"end":{"line":51,"column":33}},"14":{"start":{"line":52,"column":12},"end":{"line":52,"column":18}},"15":{"start":{"line":55,"column":8},"end":{"line":55,"column":35}},"16":{"start":{"line":61,"column":4},"end":{"line":63,"column":9}},"17":{"start":{"line":62,"column":8},"end":{"line":62,"column":15}},"18":{"start":{"line":64,"column":4},"end":{"line":77,"column":5}},"19":{"start":{"line":70,"column":8},"end":{"line":70,"column":14}},"20":{"start":{"line":76,"column":8},"end":{"line":76,"column":14}},"21":{"start":{"line":82,"column":4},"end":{"line":84,"column":9}},"22":{"start":{"line":83,"column":8},"end":{"line":83,"column":15}},"23":{"start":{"line":85,"column":4},"end":{"line":194,"column":5}},"24":{"start":{"line":91,"column":8},"end":{"line":99,"column":10}},"25":{"start":{"line":98,"column":12},"end":{"line":98,"column":35}},"26":{"start":{"line":102,"column":8},"end":{"line":104,"column":63}},"27":{"start":{"line":105,"column":8},"end":{"line":105,"column":14}},"28":{"start":{"line":112,"column":8},"end":{"line":121,"column":10},"skip":true},"29":{"start":{"line":119,"column":12},"end":{"line":119,"column":55},"skip":true},"30":{"start":{"line":120,"column":12},"end":{"line":120,"column":48},"skip":true},"31":{"start":{"line":123,"column":8},"end":{"line":136,"column":10},"skip":true},"32":{"start":{"line":130,"column":12},"end":{"line":130,"column":76},"skip":true},"33":{"start":{"line":131,"column":12},"end":{"line":131,"column":73},"skip":true},"34":{"start":{"line":132,"column":12},"end":{"line":132,"column":74},"skip":true},"35":{"start":{"line":133,"column":12},"end":{"line":133,"column":79},"skip":true},"36":{"start":{"line":134,"column":12},"end":{"line":134,"column":25},"skip":true},"37":{"start":{"line":135,"column":12},"end":{"line":135,"column":45},"skip":true},"38":{"start":{"line":138,"column":8},"end":{"line":145,"column":14},"skip":true},"39":{"start":{"line":143,"column":16},"end":{"line":143,"column":29},"skip":true},"40":{"start":{"line":144,"column":16},"end":{"line":144,"column":55},"skip":true},"41":{"start":{"line":147,"column":8},"end":{"line":156,"column":10},"skip":true},"42":{"start":{"line":154,"column":12},"end":{"line":154,"column":25},"skip":true},"43":{"start":{"line":155,"column":12},"end":{"line":155,"column":45},"skip":true},"44":{"start":{"line":158,"column":8},"end":{"line":167,"column":10},"skip":true},"45":{"start":{"line":165,"column":12},"end":{"line":165,"column":25},"skip":true},"46":{"start":{"line":166,"column":12},"end":{"line":166,"column":48},"skip":true},"47":{"start":{"line":169,"column":8},"end":{"line":178,"column":10},"skip":true},"48":{"start":{"line":176,"column":12},"end":{"line":176,"column":25},"skip":true},"49":{"start":{"line":177,"column":12},"end":{"line":177,"column":46},"skip":true},"50":{"start":{"line":180,"column":8},"end":{"line":189,"column":10},"skip":true},"51":{"start":{"line":187,"column":12},"end":{"line":187,"column":94},"skip":true},"52":{"start":{"line":188,"column":12},"end":{"line":188,"column":48},"skip":true},"53":{"start":{"line":192,"column":8},"end":{"line":192,"column":35},"skip":true},"54":{"start":{"line":193,"column":8},"end":{"line":193,"column":14},"skip":true}},"branchMap":{"1":{"line":25,"type":"binary-expr","locations":[{"start":{"line":25,"column":23},"end":{"line":25,"column":62}},{"start":{"line":26,"column":20},"end":{"line":26,"column":70}},{"start":{"line":27,"column":20},"end":{"line":27,"column":71}},{"start":{"line":28,"column":20},"end":{"line":28,"column":29}}]},"2":{"line":30,"type":"binary-expr","locations":[{"start":{"line":30,"column":23},"end":{"line":30,"column":37}},{"start":{"line":31,"column":20},"end":{"line":31,"column":61}},{"start":{"line":32,"column":20},"end":{"line":32,"column":70}},{"start":{"line":33,"column":20},"end":{"line":33,"column":26}}]},"3":{"line":37,"type":"cond-expr","locations":[{"start":{"line":38,"column":14},"end":{"line":38,"column":20}},{"start":{"line":39,"column":14},"end":{"line":39,"column":20}}]},"4":{"line":40,"type":"switch","locations":[{"start":{"line":42,"column":8},"end":{"line":47,"column":18}},{"start":{"line":49,"column":8},"end":{"line":52,"column":18}}]},"5":{"line":44,"type":"binary-expr","locations":[{"start":{"line":44,"column":16},"end":{"line":44,"column":44}},{"start":{"line":44,"column":48},"end":{"line":44,"column":66}}]},"6":{"line":50,"type":"binary-expr","locations":[{"start":{"line":50,"column":21},"end":{"line":50,"column":49}},{"start":{"line":50,"column":53},"end":{"line":50,"column":72}}]},"7":{"line":64,"type":"switch","locations":[{"start":{"line":69,"column":4},"end":{"line":70,"column":14}},{"start":{"line":75,"column":4},"end":{"line":76,"column":14}}]},"8":{"line":85,"type":"switch","locations":[{"start":{"line":90,"column":4},"end":{"line":105,"column":14}},{"start":{"line":111,"column":4},"end":{"line":193,"column":14},"skip":true}]},"9":{"line":91,"type":"binary-expr","locations":[{"start":{"line":91,"column":42},"end":{"line":91,"column":73}},{"start":{"line":91,"column":77},"end":{"line":99,"column":9}}]},"10":{"line":102,"type":"binary-expr","locations":[{"start":{"line":102,"column":18},"end":{"line":102,"column":32}},{"start":{"line":103,"column":12},"end":{"line":103,"column":53}},{"start":{"line":104,"column":12},"end":{"line":104,"column":61}}]},"11":{"line":112,"type":"binary-expr","locations":[{"start":{"line":112,"column":45},"end":{"line":112,"column":79},"skip":true},{"start":{"line":112,"column":83},"end":{"line":121,"column":9},"skip":true}]},"12":{"line":123,"type":"binary-expr","locations":[{"start":{"line":123,"column":42},"end":{"line":123,"column":73},"skip":true},{"start":{"line":123,"column":77},"end":{"line":136,"column":9},"skip":true}]},"13":{"line":138,"type":"binary-expr","locations":[{"start":{"line":138,"column":48},"end":{"line":138,"column":85},"skip":true},{"start":{"line":139,"column":12},"end":{"line":145,"column":13},"skip":true}]},"14":{"line":147,"type":"binary-expr","locations":[{"start":{"line":147,"column":42},"end":{"line":147,"column":73},"skip":true},{"start":{"line":147,"column":77},"end":{"line":156,"column":9},"skip":true}]},"15":{"line":158,"type":"binary-expr","locations":[{"start":{"line":158,"column":45},"end":{"line":158,"column":79},"skip":true},{"start":{"line":158,"column":83},"end":{"line":167,"column":9},"skip":true}]},"16":{"line":169,"type":"binary-expr","locations":[{"start":{"line":169,"column":43},"end":{"line":169,"column":75},"skip":true},{"start":{"line":169,"column":79},"end":{"line":178,"column":9},"skip":true}]},"17":{"line":180,"type":"binary-expr","locations":[{"start":{"line":180,"column":41},"end":{"line":180,"column":71},"skip":true},{"start":{"line":180,"column":75},"end":{"line":189,"column":9},"skip":true}]}},"code":["/* istanbul instrument in package npmtest_cluster_service */","/*jslint","    bitwise: true,","    browser: true,","    maxerr: 8,","    maxlen: 96,","    node: true,","    nomen: true,","    regexp: true,","    stupid: true","*/","(function () {","    'use strict';","    var local;","","","","    // run shared js-env code - init-before","    (function () {","        // init local","        local = {};","        // init modeJs","        local.modeJs = (function () {","            try {","                return typeof navigator.userAgent === 'string' &&","                    typeof document.querySelector('body') === 'object' &&","                    typeof XMLHttpRequest.prototype.open === 'function' &&","                    'browser';","            } catch (errorCaughtBrowser) {","                return module.exports &&","                    typeof process.versions.node === 'string' &&","                    typeof require('http').createServer === 'function' &&","                    'node';","            }","        }());","        // init global","        local.global = local.modeJs === 'browser'","            ? window","            : global;","        switch (local.modeJs) {","        // re-init local from window.local","        case 'browser':","            local = local.global.utility2.objectSetDefault(","                local.global.utility2_rollup || local.global.local,","                local.global.utility2","            );","            break;","        // re-init local from example.js","        case 'node':","            local = (local.global.utility2_rollup || require('utility2'))","                .requireReadme();","            break;","        }","        // export local","        local.global.local = local;","    }());","","","","    // run shared js-env code - function","    (function () {","        return;","    }());","    switch (local.modeJs) {","","","","    // run browser js-env code - function","    case 'browser':","        break;","","","","    // run node js-env code - function","    case 'node':","        break;","    }","","","","    // run shared js-env code - init-after","    (function () {","        return;","    }());","    switch (local.modeJs) {","","","","    // run browser js-env code - init-after","    case 'browser':","        local.testCase_browser_nullCase = local.testCase_browser_nullCase || function (","            options,","            onError","        ) {","        /*","         * this function will test browsers's null-case handling-behavior-behavior","         */","            onError(null, options);","        };","","        // run tests","        local.nop(local.modeTest &&","            document.querySelector('#testRunButton1') &&","            document.querySelector('#testRunButton1').click());","        break;","","","","    // run node js-env code - init-after","    /* istanbul ignore next */","    case 'node':","        local.testCase_buildApidoc_default = local.testCase_buildApidoc_default || function (","            options,","            onError","        ) {","        /*","         * this function will test buildApidoc's default handling-behavior-behavior","         */","            options = { modulePathList: module.paths };","            local.buildApidoc(options, onError);","        };","","        local.testCase_buildApp_default = local.testCase_buildApp_default || function (","            options,","            onError","        ) {","        /*","         * this function will test buildApp's default handling-behavior-behavior","         */","            local.testCase_buildReadme_default(options, local.onErrorThrow);","            local.testCase_buildLib_default(options, local.onErrorThrow);","            local.testCase_buildTest_default(options, local.onErrorThrow);","            local.testCase_buildCustomOrg_default(options, local.onErrorThrow);","            options = [];","            local.buildApp(options, onError);","        };","","        local.testCase_buildCustomOrg_default = local.testCase_buildCustomOrg_default ||","            function (options, onError) {","            /*","             * this function will test buildCustomOrg's default handling-behavior","             */","                options = {};","                local.buildCustomOrg(options, onError);","            };","","        local.testCase_buildLib_default = local.testCase_buildLib_default || function (","            options,","            onError","        ) {","        /*","         * this function will test buildLib's default handling-behavior","         */","            options = {};","            local.buildLib(options, onError);","        };","","        local.testCase_buildReadme_default = local.testCase_buildReadme_default || function (","            options,","            onError","        ) {","        /*","         * this function will test buildReadme's default handling-behavior-behavior","         */","            options = {};","            local.buildReadme(options, onError);","        };","","        local.testCase_buildTest_default = local.testCase_buildTest_default || function (","            options,","            onError","        ) {","        /*","         * this function will test buildTest's default handling-behavior","         */","            options = {};","            local.buildTest(options, onError);","        };","","        local.testCase_webpage_default = local.testCase_webpage_default || function (","            options,","            onError","        ) {","        /*","         * this function will test webpage's default handling-behavior","         */","            options = { modeCoverageMerge: true, url: local.serverLocalHost + '?modeTest=1' };","            local.browserTest(options, onError);","        };","","        // run test-server","        local.testRunServer(local);","        break;","    }","}());",""],"l":{"12":2,"14":2,"19":2,"21":2,"23":2,"24":2,"25":2,"30":1,"37":2,"40":2,"43":1,"47":1,"50":1,"52":1,"55":2,"61":2,"62":2,"64":2,"70":1,"76":1,"82":2,"83":2,"85":2,"91":1,"98":1,"102":1,"105":1,"112":1,"119":1,"120":1,"123":1,"130":1,"131":1,"132":1,"133":1,"134":1,"135":1,"138":1,"143":2,"144":2,"147":1,"154":2,"155":2,"158":1,"165":2,"166":2,"169":1,"176":2,"177":2,"180":1,"187":1,"188":1,"192":1,"193":1}},"/tmp/npmtest/node-npmtest-cluster-service/lib.npmtest_cluster_service.js":{"path":"/tmp/npmtest/node-npmtest-cluster-service/lib.npmtest_cluster_service.js","s":{"1":2,"2":2,"3":2,"4":2,"5":2,"6":2,"7":2,"8":1,"9":2,"10":2,"11":2,"12":2,"13":1,"14":1,"15":1,"16":1},"b":{"1":[2,1,1,1],"2":[1,1,1,1],"3":[1,1],"4":[2,2],"5":[1,1]},"f":{"1":2,"2":2,"3":2},"fnMap":{"1":{"name":"(anonymous_1)","line":12,"loc":{"start":{"line":12,"column":1},"end":{"line":12,"column":13}}},"2":{"name":"(anonymous_2)","line":19,"loc":{"start":{"line":19,"column":5},"end":{"line":19,"column":17}}},"3":{"name":"(anonymous_3)","line":23,"loc":{"start":{"line":23,"column":24},"end":{"line":23,"column":36}}}},"statementMap":{"1":{"start":{"line":12,"column":0},"end":{"line":53,"column":5}},"2":{"start":{"line":14,"column":4},"end":{"line":14,"column":14}},"3":{"start":{"line":19,"column":4},"end":{"line":52,"column":9}},"4":{"start":{"line":21,"column":8},"end":{"line":21,"column":19}},"5":{"start":{"line":23,"column":8},"end":{"line":35,"column":13}},"6":{"start":{"line":24,"column":12},"end":{"line":34,"column":13}},"7":{"start":{"line":25,"column":16},"end":{"line":28,"column":30}},"8":{"start":{"line":30,"column":16},"end":{"line":33,"column":27}},"9":{"start":{"line":37,"column":8},"end":{"line":39,"column":21}},"10":{"start":{"line":41,"column":8},"end":{"line":41,"column":54}},"11":{"start":{"line":43,"column":8},"end":{"line":43,"column":60}},"12":{"start":{"line":45,"column":8},"end":{"line":51,"column":9}},"13":{"start":{"line":46,"column":12},"end":{"line":46,"column":66}},"14":{"start":{"line":48,"column":12},"end":{"line":48,"column":35}},"15":{"start":{"line":49,"column":12},"end":{"line":49,"column":49}},"16":{"start":{"line":50,"column":12},"end":{"line":50,"column":43}}},"branchMap":{"1":{"line":25,"type":"binary-expr","locations":[{"start":{"line":25,"column":23},"end":{"line":25,"column":62}},{"start":{"line":26,"column":20},"end":{"line":26,"column":70}},{"start":{"line":27,"column":20},"end":{"line":27,"column":71}},{"start":{"line":28,"column":20},"end":{"line":28,"column":29}}]},"2":{"line":30,"type":"binary-expr","locations":[{"start":{"line":30,"column":23},"end":{"line":30,"column":37}},{"start":{"line":31,"column":20},"end":{"line":31,"column":61}},{"start":{"line":32,"column":20},"end":{"line":32,"column":70}},{"start":{"line":33,"column":20},"end":{"line":33,"column":26}}]},"3":{"line":37,"type":"cond-expr","locations":[{"start":{"line":38,"column":14},"end":{"line":38,"column":20}},{"start":{"line":39,"column":14},"end":{"line":39,"column":20}}]},"4":{"line":41,"type":"binary-expr","locations":[{"start":{"line":41,"column":16},"end":{"line":41,"column":44}},{"start":{"line":41,"column":48},"end":{"line":41,"column":53}}]},"5":{"line":45,"type":"if","locations":[{"start":{"line":45,"column":8},"end":{"line":45,"column":8}},{"start":{"line":45,"column":8},"end":{"line":45,"column":8}}]}},"code":["/* istanbul instrument in package npmtest_cluster_service */","/*jslint","    bitwise: true,","    browser: true,","    maxerr: 8,","    maxlen: 96,","    node: true,","    nomen: true,","    regexp: true,","    stupid: true","*/","(function () {","    'use strict';","    var local;","","","","    // run shared js-env code - init-before","    (function () {","        // init local","        local = {};","        // init modeJs","        local.modeJs = (function () {","            try {","                return typeof navigator.userAgent === 'string' &&","                    typeof document.querySelector('body') === 'object' &&","                    typeof XMLHttpRequest.prototype.open === 'function' &&","                    'browser';","            } catch (errorCaughtBrowser) {","                return module.exports &&","                    typeof process.versions.node === 'string' &&","                    typeof require('http').createServer === 'function' &&","                    'node';","            }","        }());","        // init global","        local.global = local.modeJs === 'browser'","            ? window","            : global;","        // init utility2_rollup","        local = local.global.utility2_rollup || local;","        // init lib","        local.local = local.npmtest_cluster_service = local;","        // init exports","        if (local.modeJs === 'browser') {","            local.global.utility2_npmtest_cluster_service = local;","        } else {","            module.exports = local;","            module.exports.__dirname = __dirname;","            module.exports.module = module;","        }","    }());","}());",""],"l":{"12":2,"14":2,"19":2,"21":2,"23":2,"24":2,"25":2,"30":1,"37":2,"41":2,"43":2,"45":2,"46":1,"48":1,"49":1,"50":1}},"/tmp/npmtest/node-npmtest-cluster-service/example.js":{"path":"/tmp/npmtest/node-npmtest-cluster-service/example.js","s":{"1":2,"2":2,"3":2,"4":2,"5":2,"6":2,"7":2,"8":1,"9":2,"10":2,"11":2,"12":2,"13":1,"14":2,"15":2,"16":2,"17":2,"18":2,"19":0,"20":2,"21":1,"22":1,"23":1,"24":1,"25":1,"26":0,"27":0,"28":1,"29":1,"30":2,"31":0,"32":0,"33":0,"34":1,"35":2,"36":2,"37":3,"38":3,"39":3,"40":3,"41":0,"42":3,"43":3,"44":3,"45":1,"46":3,"47":1,"48":1,"49":1,"50":1,"51":1,"52":1,"53":1,"54":1,"55":1,"56":1,"57":0,"58":1,"59":6,"60":6,"61":1,"62":2,"63":0,"64":2,"65":1,"66":1,"67":0,"68":0,"69":0,"70":0,"71":0,"72":0,"73":0,"74":0,"75":0,"76":0,"77":0,"78":0,"79":0,"80":0,"81":0,"82":0,"83":0},"b":{"1":[2,1,1,1],"2":[1,1,1,1],"3":[1,1],"4":[2,2],"5":[1,1],"6":[1,1],"7":[2,0],"8":[2,1,1,1,1,1],"9":[0,2,0],"10":[1,1],"11":[2,1,1],"12":[1,0],"13":[0,2],"14":[2,0,0,0,0,0,0],"15":[0,3],"16":[3,0],"17":[1,1],"18":[0,1],"19":[1,2,0,2],"20":[1,0],"21":[1,1],"22":[0,0],"23":[0,0],"24":[0,0],"25":[0,0],"26":[0,0],"27":[0,0],"28":[0,0]},"f":{"1":2,"2":2,"3":2,"4":2,"5":2,"6":2,"7":3,"8":3,"9":3,"10":1,"11":6,"12":0},"fnMap":{"1":{"name":"(anonymous_1)","line":26,"loc":{"start":{"line":26,"column":1},"end":{"line":26,"column":13}}},"2":{"name":"(anonymous_2)","line":33,"loc":{"start":{"line":33,"column":5},"end":{"line":33,"column":17}}},"3":{"name":"(anonymous_3)","line":37,"loc":{"start":{"line":37,"column":24},"end":{"line":37,"column":36}}},"4":{"name":"(anonymous_4)","line":69,"loc":{"start":{"line":69,"column":31},"end":{"line":69,"column":48}},"skip":true},"5":{"name":"(anonymous_5)","line":78,"loc":{"start":{"line":78,"column":26},"end":{"line":78,"column":45}},"skip":true},"6":{"name":"(anonymous_6)","line":123,"loc":{"start":{"line":123,"column":33},"end":{"line":123,"column":48}},"skip":true},"7":{"name":"(anonymous_7)","line":125,"loc":{"start":{"line":125,"column":27},"end":{"line":125,"column":39}},"skip":true},"8":{"name":"(anonymous_8)","line":133,"loc":{"start":{"line":133,"column":59},"end":{"line":133,"column":74}},"skip":true},"9":{"name":"(anonymous_9)","line":143,"loc":{"start":{"line":143,"column":45},"end":{"line":143,"column":62}},"skip":true},"10":{"name":"(anonymous_10)","line":144,"loc":{"start":{"line":144,"column":73},"end":{"line":144,"column":92}},"skip":true},"11":{"name":"(anonymous_11)","line":272,"loc":{"start":{"line":272,"column":51},"end":{"line":272,"column":77}},"skip":true},"12":{"name":"(anonymous_12)","line":315,"loc":{"start":{"line":315,"column":32},"end":{"line":315,"column":61}},"skip":true}},"statementMap":{"1":{"start":{"line":26,"column":0},"end":{"line":326,"column":5}},"2":{"start":{"line":28,"column":4},"end":{"line":28,"column":14}},"3":{"start":{"line":33,"column":4},"end":{"line":60,"column":9}},"4":{"start":{"line":35,"column":8},"end":{"line":35,"column":19}},"5":{"start":{"line":37,"column":8},"end":{"line":49,"column":13}},"6":{"start":{"line":38,"column":12},"end":{"line":48,"column":13}},"7":{"start":{"line":39,"column":16},"end":{"line":42,"column":30}},"8":{"start":{"line":44,"column":16},"end":{"line":47,"column":27}},"9":{"start":{"line":51,"column":8},"end":{"line":53,"column":21}},"10":{"start":{"line":55,"column":8},"end":{"line":57,"column":45}},"11":{"start":{"line":59,"column":8},"end":{"line":59,"column":35}},"12":{"start":{"line":61,"column":4},"end":{"line":325,"column":5}},"13":{"start":{"line":69,"column":8},"end":{"line":121,"column":10},"skip":true},"14":{"start":{"line":70,"column":12},"end":{"line":88,"column":13},"skip":true},"15":{"start":{"line":76,"column":16},"end":{"line":87,"column":19},"skip":true},"16":{"start":{"line":79,"column":20},"end":{"line":86,"column":21},"skip":true},"17":{"start":{"line":82,"column":24},"end":{"line":82,"column":43},"skip":true},"18":{"start":{"line":83,"column":24},"end":{"line":83,"column":30},"skip":true},"19":{"start":{"line":85,"column":24},"end":{"line":85,"column":49},"skip":true},"20":{"start":{"line":89,"column":12},"end":{"line":107,"column":13},"skip":true},"21":{"start":{"line":92,"column":16},"end":{"line":102,"column":17},"skip":true},"22":{"start":{"line":93,"column":20},"end":{"line":93,"column":86},"skip":true},"23":{"start":{"line":94,"column":20},"end":{"line":95,"column":45},"skip":true},"24":{"start":{"line":96,"column":20},"end":{"line":96,"column":42},"skip":true},"25":{"start":{"line":97,"column":20},"end":{"line":97,"column":48},"skip":true},"26":{"start":{"line":100,"column":20},"end":{"line":100,"column":85},"skip":true},"27":{"start":{"line":101,"column":20},"end":{"line":101,"column":96},"skip":true},"28":{"start":{"line":103,"column":16},"end":{"line":103,"column":22},"skip":true},"29":{"start":{"line":106,"column":16},"end":{"line":106,"column":22},"skip":true},"30":{"start":{"line":108,"column":12},"end":{"line":120,"column":13},"skip":true},"31":{"start":{"line":114,"column":16},"end":{"line":119,"column":17},"skip":true},"32":{"start":{"line":116,"column":20},"end":{"line":116,"column":78},"skip":true},"33":{"start":{"line":118,"column":20},"end":{"line":118,"column":47},"skip":true},"34":{"start":{"line":123,"column":8},"end":{"line":141,"column":11},"skip":true},"35":{"start":{"line":124,"column":12},"end":{"line":124,"column":54},"skip":true},"36":{"start":{"line":125,"column":12},"end":{"line":140,"column":14},"skip":true},"37":{"start":{"line":126,"column":16},"end":{"line":126,"column":28},"skip":true},"38":{"start":{"line":127,"column":16},"end":{"line":127,"column":69},"skip":true},"39":{"start":{"line":128,"column":16},"end":{"line":128,"column":75},"skip":true},"40":{"start":{"line":129,"column":16},"end":{"line":131,"column":17},"skip":true},"41":{"start":{"line":130,"column":20},"end":{"line":130,"column":27},"skip":true},"42":{"start":{"line":133,"column":16},"end":{"line":137,"column":36},"skip":true},"43":{"start":{"line":134,"column":20},"end":{"line":136,"column":55},"skip":true},"44":{"start":{"line":139,"column":16},"end":{"line":139,"column":57},"skip":true},"45":{"start":{"line":143,"column":8},"end":{"line":147,"column":11},"skip":true},"46":{"start":{"line":144,"column":12},"end":{"line":146,"column":15},"skip":true},"47":{"start":{"line":145,"column":16},"end":{"line":145,"column":70},"skip":true},"48":{"start":{"line":149,"column":8},"end":{"line":149,"column":31},"skip":true},"49":{"start":{"line":150,"column":8},"end":{"line":150,"column":14},"skip":true},"50":{"start":{"line":158,"column":8},"end":{"line":158,"column":31},"skip":true},"51":{"start":{"line":160,"column":8},"end":{"line":160,"column":33},"skip":true},"52":{"start":{"line":161,"column":8},"end":{"line":161,"column":37},"skip":true},"53":{"start":{"line":162,"column":8},"end":{"line":162,"column":35},"skip":true},"54":{"start":{"line":164,"column":8},"end":{"line":164,"column":50},"skip":true},"55":{"start":{"line":166,"column":8},"end":{"line":256,"column":2},"skip":true},"56":{"start":{"line":258,"column":8},"end":{"line":286,"column":9},"skip":true},"57":{"start":{"line":259,"column":12},"end":{"line":269,"column":14},"skip":true},"58":{"start":{"line":271,"column":12},"end":{"line":285,"column":19},"skip":true},"59":{"start":{"line":274,"column":20},"end":{"line":274,"column":35},"skip":true},"60":{"start":{"line":275,"column":20},"end":{"line":284,"column":21},"skip":true},"61":{"start":{"line":277,"column":24},"end":{"line":277,"column":64},"skip":true},"62":{"start":{"line":279,"column":24},"end":{"line":279,"column":40},"skip":true},"63":{"start":{"line":281,"column":24},"end":{"line":281,"column":40},"skip":true},"64":{"start":{"line":283,"column":24},"end":{"line":283,"column":39},"skip":true},"65":{"start":{"line":288,"column":8},"end":{"line":290,"column":9},"skip":true},"66":{"start":{"line":289,"column":12},"end":{"line":289,"column":18},"skip":true},"67":{"start":{"line":291,"column":8},"end":{"line":293,"column":54},"skip":true},"68":{"start":{"line":296,"column":8},"end":{"line":301,"column":37},"skip":true},"69":{"start":{"line":303,"column":8},"end":{"line":303,"column":82},"skip":true},"70":{"start":{"line":306,"column":8},"end":{"line":308,"column":9},"skip":true},"71":{"start":{"line":307,"column":12},"end":{"line":307,"column":82},"skip":true},"72":{"start":{"line":310,"column":8},"end":{"line":312,"column":9},"skip":true},"73":{"start":{"line":311,"column":12},"end":{"line":311,"column":18},"skip":true},"74":{"start":{"line":313,"column":8},"end":{"line":313,"column":54},"skip":true},"75":{"start":{"line":314,"column":8},"end":{"line":314,"column":69},"skip":true},"76":{"start":{"line":315,"column":8},"end":{"line":323,"column":36},"skip":true},"77":{"start":{"line":316,"column":12},"end":{"line":316,"column":61},"skip":true},"78":{"start":{"line":317,"column":12},"end":{"line":320,"column":13},"skip":true},"79":{"start":{"line":318,"column":16},"end":{"line":318,"column":75},"skip":true},"80":{"start":{"line":319,"column":16},"end":{"line":319,"column":23},"skip":true},"81":{"start":{"line":321,"column":12},"end":{"line":321,"column":38},"skip":true},"82":{"start":{"line":322,"column":12},"end":{"line":322,"column":27},"skip":true},"83":{"start":{"line":324,"column":8},"end":{"line":324,"column":14},"skip":true}},"branchMap":{"1":{"line":39,"type":"binary-expr","locations":[{"start":{"line":39,"column":23},"end":{"line":39,"column":62}},{"start":{"line":40,"column":20},"end":{"line":40,"column":70}},{"start":{"line":41,"column":20},"end":{"line":41,"column":71}},{"start":{"line":42,"column":20},"end":{"line":42,"column":29}}]},"2":{"line":44,"type":"binary-expr","locations":[{"start":{"line":44,"column":23},"end":{"line":44,"column":37}},{"start":{"line":45,"column":20},"end":{"line":45,"column":61}},{"start":{"line":46,"column":20},"end":{"line":46,"column":70}},{"start":{"line":47,"column":20},"end":{"line":47,"column":26}}]},"3":{"line":51,"type":"cond-expr","locations":[{"start":{"line":52,"column":14},"end":{"line":52,"column":20}},{"start":{"line":53,"column":14},"end":{"line":53,"column":20}}]},"4":{"line":55,"type":"binary-expr","locations":[{"start":{"line":55,"column":16},"end":{"line":55,"column":44}},{"start":{"line":55,"column":49},"end":{"line":57,"column":43}}]},"5":{"line":55,"type":"cond-expr","locations":[{"start":{"line":56,"column":14},"end":{"line":56,"column":59}},{"start":{"line":57,"column":14},"end":{"line":57,"column":43}}]},"6":{"line":61,"type":"switch","locations":[{"start":{"line":68,"column":4},"end":{"line":150,"column":14},"skip":true},{"start":{"line":156,"column":4},"end":{"line":324,"column":14},"skip":true}]},"7":{"line":70,"type":"if","locations":[{"start":{"line":70,"column":12},"end":{"line":70,"column":12},"skip":true},{"start":{"line":70,"column":12},"end":{"line":70,"column":12},"skip":true}]},"8":{"line":70,"type":"binary-expr","locations":[{"start":{"line":70,"column":16},"end":{"line":70,"column":22},"skip":true},{"start":{"line":70,"column":27},"end":{"line":70,"column":32},"skip":true},{"start":{"line":71,"column":20},"end":{"line":71,"column":39},"skip":true},{"start":{"line":72,"column":20},"end":{"line":72,"column":49},"skip":true},{"start":{"line":73,"column":20},"end":{"line":73,"column":58},"skip":true},{"start":{"line":74,"column":20},"end":{"line":74,"column":69},"skip":true}]},"9":{"line":79,"type":"switch","locations":[{"start":{"line":80,"column":20},"end":{"line":80,"column":33},"skip":true},{"start":{"line":81,"column":20},"end":{"line":83,"column":30},"skip":true},{"start":{"line":84,"column":20},"end":{"line":85,"column":49},"skip":true}]},"10":{"line":89,"type":"switch","locations":[{"start":{"line":90,"column":12},"end":{"line":103,"column":22},"skip":true},{"start":{"line":105,"column":12},"end":{"line":106,"column":22},"skip":true}]},"11":{"line":89,"type":"binary-expr","locations":[{"start":{"line":89,"column":20},"end":{"line":89,"column":25},"skip":true},{"start":{"line":89,"column":29},"end":{"line":89,"column":48},"skip":true},{"start":{"line":89,"column":52},"end":{"line":89,"column":74},"skip":true}]},"12":{"line":92,"type":"if","locations":[{"start":{"line":92,"column":16},"end":{"line":92,"column":16},"skip":true},{"start":{"line":92,"column":16},"end":{"line":92,"column":16},"skip":true}]},"13":{"line":108,"type":"if","locations":[{"start":{"line":108,"column":12},"end":{"line":108,"column":12},"skip":true},{"start":{"line":108,"column":12},"end":{"line":108,"column":12},"skip":true}]},"14":{"line":108,"type":"binary-expr","locations":[{"start":{"line":108,"column":16},"end":{"line":108,"column":61},"skip":true},{"start":{"line":108,"column":66},"end":{"line":108,"column":72},"skip":true},{"start":{"line":108,"column":77},"end":{"line":108,"column":82},"skip":true},{"start":{"line":109,"column":20},"end":{"line":109,"column":39},"skip":true},{"start":{"line":110,"column":20},"end":{"line":110,"column":49},"skip":true},{"start":{"line":111,"column":20},"end":{"line":111,"column":58},"skip":true},{"start":{"line":112,"column":20},"end":{"line":112,"column":68},"skip":true}]},"15":{"line":129,"type":"if","locations":[{"start":{"line":129,"column":16},"end":{"line":129,"column":16},"skip":true},{"start":{"line":129,"column":16},"end":{"line":129,"column":16},"skip":true}]},"16":{"line":134,"type":"cond-expr","locations":[{"start":{"line":135,"column":26},"end":{"line":135,"column":29},"skip":true},{"start":{"line":136,"column":26},"end":{"line":136,"column":54},"skip":true}]},"17":{"line":164,"type":"binary-expr","locations":[{"start":{"line":164,"column":27},"end":{"line":164,"column":43},"skip":true},{"start":{"line":164,"column":47},"end":{"line":164,"column":49},"skip":true}]},"18":{"line":258,"type":"if","locations":[{"start":{"line":258,"column":8},"end":{"line":258,"column":8},"skip":true},{"start":{"line":258,"column":8},"end":{"line":258,"column":8},"skip":true}]},"19":{"line":275,"type":"switch","locations":[{"start":{"line":276,"column":20},"end":{"line":277,"column":64},"skip":true},{"start":{"line":278,"column":20},"end":{"line":279,"column":40},"skip":true},{"start":{"line":280,"column":20},"end":{"line":281,"column":40},"skip":true},{"start":{"line":282,"column":20},"end":{"line":283,"column":39},"skip":true}]},"20":{"line":288,"type":"if","locations":[{"start":{"line":288,"column":8},"end":{"line":288,"column":8},"skip":true},{"start":{"line":288,"column":8},"end":{"line":288,"column":8},"skip":true}]},"21":{"line":288,"type":"binary-expr","locations":[{"start":{"line":288,"column":12},"end":{"line":288,"column":40},"skip":true},{"start":{"line":288,"column":44},"end":{"line":288,"column":67},"skip":true}]},"22":{"line":292,"type":"binary-expr","locations":[{"start":{"line":292,"column":12},"end":{"line":292,"column":50},"skip":true},{"start":{"line":293,"column":12},"end":{"line":293,"column":53},"skip":true}]},"23":{"line":297,"type":"binary-expr","locations":[{"start":{"line":297,"column":12},"end":{"line":297,"column":73},"skip":true},{"start":{"line":298,"column":12},"end":{"line":301,"column":36},"skip":true}]},"24":{"line":303,"type":"binary-expr","locations":[{"start":{"line":303,"column":43},"end":{"line":303,"column":75},"skip":true},{"start":{"line":303,"column":79},"end":{"line":303,"column":81},"skip":true}]},"25":{"line":306,"type":"if","locations":[{"start":{"line":306,"column":8},"end":{"line":306,"column":8},"skip":true},{"start":{"line":306,"column":8},"end":{"line":306,"column":8},"skip":true}]},"26":{"line":310,"type":"if","locations":[{"start":{"line":310,"column":8},"end":{"line":310,"column":8},"skip":true},{"start":{"line":310,"column":8},"end":{"line":310,"column":8},"skip":true}]},"27":{"line":313,"type":"binary-expr","locations":[{"start":{"line":313,"column":27},"end":{"line":313,"column":43},"skip":true},{"start":{"line":313,"column":47},"end":{"line":313,"column":53},"skip":true}]},"28":{"line":317,"type":"if","locations":[{"start":{"line":317,"column":12},"end":{"line":317,"column":12},"skip":true},{"start":{"line":317,"column":12},"end":{"line":317,"column":12},"skip":true}]}},"code":["/*","example.js","","quickstart example","","instruction","    1. save this script as example.js","    2. run the shell command:","        $ npm install npmtest-cluster-service && PORT=8081 node example.js","    3. play with the browser-demo on http://127.0.0.1:8081","*/","","","","/* istanbul instrument in package npmtest_cluster_service */","/*jslint","    bitwise: true,","    browser: true,","    maxerr: 8,","    maxlen: 96,","    node: true,","    nomen: true,","    regexp: true,","    stupid: true","*/","(function () {","    'use strict';","    var local;","","","","    // run shared js-env code - init-before","    (function () {","        // init local","        local = {};","        // init modeJs","        local.modeJs = (function () {","            try {","                return typeof navigator.userAgent === 'string' &&","                    typeof document.querySelector('body') === 'object' &&","                    typeof XMLHttpRequest.prototype.open === 'function' &&","                    'browser';","            } catch (errorCaughtBrowser) {","                return module.exports &&","                    typeof process.versions.node === 'string' &&","                    typeof require('http').createServer === 'function' &&","                    'node';","            }","        }());","        // init global","        local.global = local.modeJs === 'browser'","            ? window","            : global;","        // init utility2_rollup","        local = local.global.utility2_rollup || (local.modeJs === 'browser'","            ? local.global.utility2_npmtest_cluster_service","            : global.utility2_moduleExports);","        // export local","        local.global.local = local;","    }());","    switch (local.modeJs) {","","","","    // init-after","    // run browser js-env code - init-after","    /* istanbul ignore next */","    case 'browser':","        local.testRunBrowser = function (event) {","            if (!event || (event &&","                    event.currentTarget &&","                    event.currentTarget.className &&","                    event.currentTarget.className.includes &&","                    event.currentTarget.className.includes('onreset'))) {","                // reset output","                Array.from(","                    document.querySelectorAll('body > .resettable')","                ).forEach(function (element) {","                    switch (element.tagName) {","                    case 'INPUT':","                    case 'TEXTAREA':","                        element.value = '';","                        break;","                    default:","                        element.textContent = '';","                    }","                });","            }","            switch (event && event.currentTarget && event.currentTarget.id) {","            case 'testRunButton1':","                // show tests","                if (document.querySelector('#testReportDiv1').style.display === 'none') {","                    document.querySelector('#testReportDiv1').style.display = 'block';","                    document.querySelector('#testRunButton1').textContent =","                        'hide internal test';","                    local.modeTest = true;","                    local.testRunDefault(local);","                // hide tests","                } else {","                    document.querySelector('#testReportDiv1').style.display = 'none';","                    document.querySelector('#testRunButton1').textContent = 'run internal test';","                }","                break;","            // custom-case","            default:","                break;","            }","            if (document.querySelector('#inputTextareaEval1') && (!event || (event &&","                    event.currentTarget &&","                    event.currentTarget.className &&","                    event.currentTarget.className.includes &&","                    event.currentTarget.className.includes('oneval')))) {","                // try to eval input-code","                try {","                    /*jslint evil: true*/","                    eval(document.querySelector('#inputTextareaEval1').value);","                } catch (errorCaught) {","                    console.error(errorCaught);","                }","            }","        };","        // log stderr and stdout to #outputTextareaStdout1","        ['error', 'log'].forEach(function (key) {","            console[key + '_original'] = console[key];","            console[key] = function () {","                var element;","                console[key + '_original'].apply(console, arguments);","                element = document.querySelector('#outputTextareaStdout1');","                if (!element) {","                    return;","                }","                // append text to #outputTextareaStdout1","                element.value += Array.from(arguments).map(function (arg) {","                    return typeof arg === 'string'","                        ? arg","                        : JSON.stringify(arg, null, 4);","                }).join(' ') + '\\n';","                // scroll textarea to bottom","                element.scrollTop = element.scrollHeight;","            };","        });","        // init event-handling","        ['change', 'click', 'keyup'].forEach(function (event) {","            Array.from(document.querySelectorAll('.on' + event)).forEach(function (element) {","                element.addEventListener(event, local.testRunBrowser);","            });","        });","        // run tests","        local.testRunBrowser();","        break;","","","","    // run node js-env code - init-after","    /* istanbul ignore next */","    case 'node':","        // export local","        module.exports = local;","        // require modules","        local.fs = require('fs');","        local.http = require('http');","        local.url = require('url');","        // init assets","        local.assetsDict = local.assetsDict || {};","        /* jslint-ignore-begin */","        local.assetsDict['/assets.index.template.html'] = '\\","<!doctype html>\\n\\","<html lang=\"en\">\\n\\","<head>\\n\\","<meta charset=\"UTF-8\">\\n\\","<meta name=\"viewport\" content=\"width=device-width, initial-scale=1\">\\n\\","<title>{{env.npm_package_name}} (v{{env.npm_package_version}})</title>\\n\\","<style>\\n\\","/*csslint\\n\\","    box-sizing: false,\\n\\","    universal-selector: false\\n\\","*/\\n\\","* {\\n\\","    box-sizing: border-box;\\n\\","}\\n\\","body {\\n\\","    background: #dde;\\n\\","    font-family: Arial, Helvetica, sans-serif;\\n\\","    margin: 2rem;\\n\\","}\\n\\","body > * {\\n\\","    margin-bottom: 1rem;\\n\\","}\\n\\",".utility2FooterDiv {\\n\\","    margin-top: 20px;\\n\\","    text-align: center;\\n\\","}\\n\\","</style>\\n\\","<style>\\n\\","/*csslint\\n\\","*/\\n\\","textarea {\\n\\","    font-family: monospace;\\n\\","    height: 10rem;\\n\\","    width: 100%;\\n\\","}\\n\\","textarea[readonly] {\\n\\","    background: #ddd;\\n\\","}\\n\\","</style>\\n\\","</head>\\n\\","<body>\\n\\","<!-- utility2-comment\\n\\","<div id=\"ajaxProgressDiv1\" style=\"background: #d00; height: 2px; left: 0; margin: 0; padding: 0; position: fixed; top: 0; transition: background 0.5s, width 1.5s; width: 25%;\"></div>\\n\\","utility2-comment -->\\n\\","<h1>\\n\\","<!-- utility2-comment\\n\\","    <a\\n\\","        {{#if env.npm_package_homepage}}\\n\\","        href=\"{{env.npm_package_homepage}}\"\\n\\","        {{/if env.npm_package_homepage}}\\n\\","        target=\"_blank\"\\n\\","    >\\n\\","utility2-comment -->\\n\\","        {{env.npm_package_name}} (v{{env.npm_package_version}})\\n\\","<!-- utility2-comment\\n\\","    </a>\\n\\","utility2-comment -->\\n\\","</h1>\\n\\","<h3>{{env.npm_package_description}}</h3>\\n\\","<!-- utility2-comment\\n\\","<h4><a download href=\"assets.app.js\">download standalone app</a></h4>\\n\\","<button class=\"onclick onreset\" id=\"testRunButton1\">run internal test</button><br>\\n\\","<div id=\"testReportDiv1\" style=\"display: none;\"></div>\\n\\","utility2-comment -->\\n\\","\\n\\","\\n\\","\\n\\","<label>stderr and stdout</label>\\n\\","<textarea class=\"resettable\" id=\"outputTextareaStdout1\" readonly></textarea>\\n\\","<!-- utility2-comment\\n\\","{{#if isRollup}}\\n\\","<script src=\"assets.app.js\"></script>\\n\\","{{#unless isRollup}}\\n\\","utility2-comment -->\\n\\","<script src=\"assets.utility2.rollup.js\"></script>\\n\\","<script src=\"jsonp.utility2._stateInit?callback=window.utility2._stateInit\"></script>\\n\\","<script src=\"assets.npmtest_cluster_service.rollup.js\"></script>\\n\\","<script src=\"assets.example.js\"></script>\\n\\","<script src=\"assets.test.js\"></script>\\n\\","<!-- utility2-comment\\n\\","{{/if isRollup}}\\n\\","utility2-comment -->\\n\\","<div class=\"utility2FooterDiv\">\\n\\","    [ this app was created with\\n\\","    <a href=\"https://github.com/kaizhu256/node-utility2\" target=\"_blank\">utility2</a>\\n\\","    ]\\n\\","</div>\\n\\","</body>\\n\\","</html>\\n\\","';","        /* jslint-ignore-end */","        if (local.templateRender) {","            local.assetsDict['/'] = local.templateRender(","                local.assetsDict['/assets.index.template.html'],","                {","                    env: local.objectSetDefault(local.env, {","                        npm_package_description: 'the greatest app in the world!',","                        npm_package_name: 'my-app',","                        npm_package_nameAlias: 'my_app',","                        npm_package_version: '0.0.1'","                    })","                }","            );","        } else {","            local.assetsDict['/'] = local.assetsDict['/assets.index.template.html']","                .replace((/\\{\\{env\\.(\\w+?)\\}\\}/g), function (match0, match1) {","                    // jslint-hack","                    String(match0);","                    switch (match1) {","                    case 'npm_package_description':","                        return 'the greatest app in the world!';","                    case 'npm_package_name':","                        return 'my-app';","                    case 'npm_package_nameAlias':","                        return 'my_app';","                    case 'npm_package_version':","                        return '0.0.1';","                    }","                });","        }","        // run the cli","        if (local.global.utility2_rollup || module !== require.main) {","            break;","        }","        local.assetsDict['/assets.example.js'] =","            local.assetsDict['/assets.example.js'] ||","            local.fs.readFileSync(__filename, 'utf8');","        // bug-workaround - long $npm_package_buildCustomOrg","        /* jslint-ignore-begin */","        local.assetsDict['/assets.npmtest_cluster_service.rollup.js'] =","            local.assetsDict['/assets.npmtest_cluster_service.rollup.js'] ||","            local.fs.readFileSync(","                local.npmtest_cluster_service.__dirname + '/lib.npmtest_cluster_service.js',","                'utf8'","            ).replace((/^#!/), '//');","        /* jslint-ignore-end */","        local.assetsDict['/favicon.ico'] = local.assetsDict['/favicon.ico'] || '';","        // if $npm_config_timeout_exit exists,","        // then exit this process after $npm_config_timeout_exit ms","        if (Number(process.env.npm_config_timeout_exit)) {","            setTimeout(process.exit, Number(process.env.npm_config_timeout_exit));","        }","        // start server","        if (local.global.utility2_serverHttp1) {","            break;","        }","        process.env.PORT = process.env.PORT || '8081';","        console.error('server starting on port ' + process.env.PORT);","        local.http.createServer(function (request, response) {","            request.urlParsed = local.url.parse(request.url);","            if (local.assetsDict[request.urlParsed.pathname] !== undefined) {","                response.end(local.assetsDict[request.urlParsed.pathname]);","                return;","            }","            response.statusCode = 404;","            response.end();","        }).listen(process.env.PORT);","        break;","    }","}());",""],"l":{"26":2,"28":2,"33":2,"35":2,"37":2,"38":2,"39":2,"44":1,"51":2,"55":2,"59":2,"61":2,"69":1,"70":2,"76":2,"79":2,"82":2,"83":2,"85":1,"89":2,"92":1,"93":1,"94":1,"96":1,"97":1,"100":1,"101":1,"103":1,"106":1,"108":2,"114":1,"116":1,"118":1,"123":1,"124":2,"125":2,"126":3,"127":3,"128":3,"129":3,"130":1,"133":3,"134":3,"139":3,"143":1,"144":3,"145":1,"149":1,"150":1,"158":1,"160":1,"161":1,"162":1,"164":1,"166":1,"258":1,"259":1,"271":1,"274":6,"275":6,"277":1,"279":2,"281":1,"283":2,"288":1,"289":1,"291":1,"296":1,"303":1,"306":1,"307":1,"310":1,"311":1,"313":1,"314":1,"315":1,"316":1,"317":1,"318":1,"319":1,"321":1,"322":1,"324":1}},"/tmp/npmtest/node-npmtest-cluster-service/node_modules/cluster-service/cluster-service.js":{"path":"/tmp/npmtest/node-npmtest-cluster-service/node_modules/cluster-service/cluster-service.js","s":{"1":1,"2":1,"3":1,"4":1,"5":1,"6":1,"7":1,"8":1,"9":1,"10":1,"11":1,"12":1,"13":1,"14":1,"15":0,"16":1,"17":0,"18":1,"19":1,"20":1,"21":32,"22":1,"23":1,"24":1,"25":1,"26":1,"27":1,"28":0,"29":0,"30":1,"31":1,"32":1,"33":1,"34":1,"35":1,"36":0,"37":0,"38":0,"39":0,"40":0,"41":0,"42":0,"43":0,"44":0,"45":0,"46":0},"b":{"1":[1,0],"2":[1,0],"3":[0,1],"4":[1,0],"5":[0,0],"6":[0,0]},"f":{"1":0,"2":0,"3":1,"4":32,"5":0,"6":0,"7":0,"8":0},"fnMap":{"1":{"name":"(anonymous_1)","line":23,"loc":{"start":{"line":23,"column":7},"end":{"line":23,"column":18}}},"2":{"name":"(anonymous_2)","line":29,"loc":{"start":{"line":29,"column":7},"end":{"line":29,"column":18}}},"3":{"name":"(anonymous_3)","line":35,"loc":{"start":{"line":35,"column":7},"end":{"line":35,"column":18}}},"4":{"name":"(anonymous_4)","line":41,"loc":{"start":{"line":41,"column":7},"end":{"line":41,"column":18}}},"5":{"name":"(anonymous_5)","line":53,"loc":{"start":{"line":53,"column":15},"end":{"line":53,"column":26}}},"6":{"name":"(anonymous_6)","line":54,"loc":{"start":{"line":54,"column":29},"end":{"line":54,"column":40}}},"7":{"name":"(anonymous_7)","line":78,"loc":{"start":{"line":78,"column":15},"end":{"line":78,"column":26}}},"8":{"name":"(anonymous_8)","line":84,"loc":{"start":{"line":84,"column":38},"end":{"line":84,"column":49}}}},"statementMap":{"1":{"start":{"line":1,"column":0},"end":{"line":1,"column":33}},"2":{"start":{"line":2,"column":0},"end":{"line":2,"column":31}},"3":{"start":{"line":3,"column":0},"end":{"line":5,"column":1}},"4":{"start":{"line":4,"column":2},"end":{"line":4,"column":58}},"5":{"start":{"line":7,"column":0},"end":{"line":7,"column":25}},"6":{"start":{"line":9,"column":0},"end":{"line":9,"column":44}},"7":{"start":{"line":10,"column":0},"end":{"line":10,"column":40}},"8":{"start":{"line":11,"column":0},"end":{"line":11,"column":44}},"9":{"start":{"line":12,"column":0},"end":{"line":12,"column":48}},"10":{"start":{"line":13,"column":0},"end":{"line":13,"column":64}},"11":{"start":{"line":14,"column":0},"end":{"line":14,"column":46}},"12":{"start":{"line":16,"column":0},"end":{"line":16,"column":52}},"13":{"start":{"line":18,"column":0},"end":{"line":20,"column":3}},"14":{"start":{"line":22,"column":0},"end":{"line":26,"column":3}},"15":{"start":{"line":24,"column":4},"end":{"line":24,"column":28}},"16":{"start":{"line":28,"column":0},"end":{"line":32,"column":3}},"17":{"start":{"line":30,"column":4},"end":{"line":30,"column":28}},"18":{"start":{"line":34,"column":0},"end":{"line":38,"column":3}},"19":{"start":{"line":36,"column":4},"end":{"line":36,"column":42}},"20":{"start":{"line":40,"column":0},"end":{"line":44,"column":3}},"21":{"start":{"line":42,"column":4},"end":{"line":42,"column":34}},"22":{"start":{"line":46,"column":0},"end":{"line":55,"column":1}},"23":{"start":{"line":47,"column":2},"end":{"line":47,"column":57}},"24":{"start":{"line":48,"column":2},"end":{"line":48,"column":39}},"25":{"start":{"line":49,"column":2},"end":{"line":49,"column":50}},"26":{"start":{"line":50,"column":2},"end":{"line":50,"column":44}},"27":{"start":{"line":51,"column":2},"end":{"line":51,"column":64}},"28":{"start":{"line":53,"column":2},"end":{"line":53,"column":30}},"29":{"start":{"line":54,"column":2},"end":{"line":54,"column":44}},"30":{"start":{"line":57,"column":0},"end":{"line":57,"column":43}},"31":{"start":{"line":58,"column":0},"end":{"line":58,"column":39}},"32":{"start":{"line":59,"column":0},"end":{"line":59,"column":50}},"33":{"start":{"line":60,"column":0},"end":{"line":60,"column":46}},"34":{"start":{"line":61,"column":0},"end":{"line":61,"column":39}},"35":{"start":{"line":63,"column":0},"end":{"line":92,"column":1}},"36":{"start":{"line":68,"column":2},"end":{"line":68,"column":29}},"37":{"start":{"line":69,"column":2},"end":{"line":69,"column":35}},"38":{"start":{"line":71,"column":2},"end":{"line":71,"column":41}},"39":{"start":{"line":73,"column":2},"end":{"line":73,"column":19}},"40":{"start":{"line":78,"column":2},"end":{"line":88,"column":5}},"41":{"start":{"line":79,"column":4},"end":{"line":79,"column":56}},"42":{"start":{"line":80,"column":4},"end":{"line":87,"column":5}},"43":{"start":{"line":83,"column":6},"end":{"line":83,"column":33}},"44":{"start":{"line":84,"column":6},"end":{"line":86,"column":9}},"45":{"start":{"line":85,"column":8},"end":{"line":85,"column":30}},"46":{"start":{"line":91,"column":2},"end":{"line":91,"column":20}}},"branchMap":{"1":{"line":3,"type":"if","locations":[{"start":{"line":3,"column":0},"end":{"line":3,"column":0}},{"start":{"line":3,"column":0},"end":{"line":3,"column":0}}]},"2":{"line":46,"type":"if","locations":[{"start":{"line":46,"column":0},"end":{"line":46,"column":0}},{"start":{"line":46,"column":0},"end":{"line":46,"column":0}}]},"3":{"line":63,"type":"if","locations":[{"start":{"line":63,"column":0},"end":{"line":63,"column":0}},{"start":{"line":63,"column":0},"end":{"line":63,"column":0}}]},"4":{"line":64,"type":"binary-expr","locations":[{"start":{"line":64,"column":2},"end":{"line":64,"column":27}},{"start":{"line":65,"column":5},"end":{"line":65,"column":51}}]},"5":{"line":80,"type":"if","locations":[{"start":{"line":80,"column":4},"end":{"line":80,"column":4}},{"start":{"line":80,"column":4},"end":{"line":80,"column":4}}]},"6":{"line":80,"type":"binary-expr","locations":[{"start":{"line":80,"column":8},"end":{"line":80,"column":56}},{"start":{"line":81,"column":9},"end":{"line":81,"column":49}}]}},"code":["var cluster = require(\"cluster\");","var colors = require(\"colors\");","if (!('cservice' in global)) {","  global.cservice = { locals: require(\"./lib/defaults\") };","}","","module.exports = exports;","","exports.debug = require(\"./lib/util\").debug;","exports.log = require(\"./lib/util\").log;","exports.error = require(\"./lib/util\").error;","exports.results = require(\"./lib/util\").results;","exports.processSafeSend = require(\"./lib/util\").processSafeSend;","exports.msgBus = require(\"./lib/message-bus\");","","exports.workerReady = require(\"./lib/worker-ready\");","","Object.defineProperty(exports, \"workers\", {","  get: require(\"./lib/workers\").get","});","","Object.defineProperty(exports, \"isMaster\", {","  get: function() {","    return cluster.isMaster;","  }","});","","Object.defineProperty(exports, \"isWorker\", {","  get: function() {","    return cluster.isWorker;","  }","});","","Object.defineProperty(exports, \"options\", {","  get: function() {","    return global.cservice.locals.options;","  }","});","","Object.defineProperty(exports, \"locals\", {","  get: function() {","    return global.cservice.locals;","  }","});","","if (cluster.isMaster === true) {","  exports.control = require(\"./lib/control\").addControls;","  exports.stop = require(\"./lib/stop\");","  exports.newWorker = require(\"./lib/new-worker\");","  exports.on = require(\"./lib/commands\").on;","  exports.registerCommands = require(\"./lib/commands\").register;","} else {","  exports.on = function() { };","  exports.registerCommands = function() { };","}","","exports.trigger = require(\"./lib/trigger\");","exports.start = require(\"./lib/start\");","exports.netServers = require(\"./lib/net-servers\");","exports.netStats = require(\"./lib/net-stats\");","exports.proxy = require('./lib/proxy');","","if (","  cluster.isWorker === true","  && typeof (cluster.worker.module) === \"undefined\"","){","  // intermediate state to prevent 2nd call while async in progress","  cluster.worker.module = {};","  cluster.worker.env = process.env;","","  var workers = require(\"./lib/workers\");","","  workers.demote();","","  // load the worker if not already loaded","  // async, in case worker loads cluster-service, we need to return before","  // it's avail","  setImmediate(function() {","    cluster.worker.module = require(process.env.worker);","    if (global.cservice.locals.workerReady === undefined","      && process.env.ready.toString() === \"false\") {","      // if workerReady not invoked explicitly, we'll track it automatically","      exports.workerReady(false);","      exports.netServers.waitForReady(function() {","        exports.workerReady(); // NOW we're ready","      });","    }","  });","","  // start worker monitor to establish two-way relationship with master","  workers.monitor();","}",""],"l":{"1":1,"2":1,"3":1,"4":1,"7":1,"9":1,"10":1,"11":1,"12":1,"13":1,"14":1,"16":1,"18":1,"22":1,"24":0,"28":1,"30":0,"34":1,"36":1,"40":1,"42":32,"46":1,"47":1,"48":1,"49":1,"50":1,"51":1,"53":0,"54":0,"57":1,"58":1,"59":1,"60":1,"61":1,"63":1,"68":0,"69":0,"71":0,"73":0,"78":0,"79":0,"80":0,"83":0,"84":0,"85":0,"91":0}},"/tmp/npmtest/node-npmtest-cluster-service/node_modules/cluster-service/lib/defaults.js":{"path":"/tmp/npmtest/node-npmtest-cluster-service/node_modules/cluster-service/lib/defaults.js","s":{"1":1,"2":1},"b":{},"f":{},"fnMap":{},"statementMap":{"1":{"start":{"line":1,"column":0},"end":{"line":1,"column":23}},"2":{"start":{"line":3,"column":0},"end":{"line":84,"column":2}}},"branchMap":{},"code":["var os = require(\"os\");","","module.exports = exports = {","  firstTime: true,","  events: {},","  workers: {},","  workerProcesses: {},","  state: 0, // 0-not running, 1-starting, 2-running","  isBusy: false,","  isAttached: false, // attached to CLI over REST","  workerReady: undefined,","  restartOnFailure: true,","  net: { servers: {} },","  proxy: {","    configPath: undefined,","    versionPath: undefined,","    options: {","      versionPath: undefined,","      versionHeader: \"x-version\",","      workerFilename: \"worker.js\",","      versionPorts: \"11000-12000\",","      nonDefaultWorkerCount: 1,","      nonDefaultWorkerIdleTime: 3600,","      bindings: [","        /*","         {","           port: 80,","           workerCount: 2,","           redirect: 443","         },","         {","           port: 443,","           workerCount: 2,","           tlsOptions: {","             key: '/my/cert.key',","             cert: '/my/cert.crt'","           }","         }","         */","      ]","    },","    versions: {","    /*","      'versionStr': {","        port: 7112,","        isDefault: false,","        online: false","      }","    */","    }","  },","  options: {","    host: \"localhost\",","    port: 11987,","    accessKey: undefined,","    workers: undefined,","    workerCount: os.cpus().length,","    restartDelayMs: 100,","    restartConcurrencyRatio: 0.33,","    allowHttpGet: false, // useful for testing -- not safe for production use","    restartsPerMinute: 10, // not yet supported","    cli: false,","    silent: false,","    log: console.log,","    error: console.error,","    debug: console.debug,","    json: false, // output as JSON","    restartOnMemUsage: undefined,","    restartOnUpTime: undefined,","    commands: undefined,","    proxy: undefined,","    workerGid: undefined,","    workerUid: undefined,","    colors: {","      cservice: \"grey\",","      success: \"green\",","      error: \"red\",","      data: \"cyan\",","      warn: \"yellow\",","      info: \"magenta\",","      debug: \"grey\"","    }","  }","};",""],"l":{"1":1,"3":1}},"/tmp/npmtest/node-npmtest-cluster-service/node_modules/cluster-service/lib/util.js":{"path":"/tmp/npmtest/node-npmtest-cluster-service/node_modules/cluster-service/lib/util.js","s":{"1":1,"2":1,"3":1,"4":1,"5":1,"6":1,"7":1,"8":1,"9":0,"10":0,"11":0,"12":0,"13":0,"14":0,"15":0,"16":0,"17":0,"18":0,"19":0,"20":0,"21":0,"22":0,"23":0,"24":1,"25":0,"26":0,"27":0,"28":0,"29":0,"30":0,"31":0,"32":0,"33":0,"34":0,"35":0,"36":1,"37":0,"38":0,"39":0,"40":0,"41":0,"42":0,"43":0,"44":0,"45":0,"46":0,"47":0,"48":0,"49":0,"50":0,"51":0,"52":1,"53":0,"54":0,"55":1,"56":0,"57":0,"58":0,"59":0,"60":0,"61":0,"62":0,"63":0,"64":0,"65":0,"66":0,"67":0,"68":0,"69":0,"70":0,"71":0,"72":0,"73":0,"74":0,"75":0,"76":0,"77":0,"78":0,"79":0,"80":0,"81":0,"82":0,"83":0,"84":0,"85":0,"86":0,"87":0,"88":0,"89":0,"90":0,"91":0,"92":0,"93":0,"94":0,"95":0,"96":0,"97":0,"98":0,"99":0,"100":0,"101":0,"102":1,"103":0,"104":0,"105":0,"106":0,"107":1,"108":0,"109":0,"110":0},"b":{"1":[0,0],"2":[0,0],"3":[0,0],"4":[0,0],"5":[0,0],"6":[0,0],"7":[0,0,0],"8":[0,0],"9":[0,0],"10":[0,0],"11":[0,0],"12":[0,0],"13":[0,0,0],"14":[0,0],"15":[0,0],"16":[0,0],"17":[0,0],"18":[0,0],"19":[0,0],"20":[0,0,0],"21":[0,0],"22":[0,0],"23":[0,0],"24":[0,0],"25":[0,0],"26":[0,0],"27":[0,0],"28":[0,0],"29":[0,0],"30":[0,0],"31":[0,0],"32":[0,0],"33":[0,0],"34":[0,0],"35":[0,0],"36":[0,0],"37":[0,0],"38":[0,0],"39":[0,0],"40":[0,0],"41":[0,0],"42":[0,0],"43":[0,0],"44":[0,0],"45":[0,0],"46":[0,0],"47":[0,0]},"f":{"1":0,"2":0,"3":0,"4":0,"5":0,"6":0,"7":0},"fnMap":{"1":{"name":"debug","line":17,"loc":{"start":{"line":17,"column":0},"end":{"line":17,"column":17}}},"2":{"name":"log","line":43,"loc":{"start":{"line":43,"column":0},"end":{"line":43,"column":15}}},"3":{"name":"error","line":63,"loc":{"start":{"line":63,"column":0},"end":{"line":63,"column":17}}},"4":{"name":"results","line":89,"loc":{"start":{"line":89,"column":0},"end":{"line":89,"column":19}}},"5":{"name":"getArgsFromQuestion","line":95,"loc":{"start":{"line":95,"column":0},"end":{"line":95,"column":50}}},"6":{"name":"getArgFromValue","line":189,"loc":{"start":{"line":189,"column":0},"end":{"line":189,"column":30}}},"7":{"name":"processSafeSend","line":206,"loc":{"start":{"line":206,"column":0},"end":{"line":206,"column":39}}}},"statementMap":{"1":{"start":{"line":1,"column":0},"end":{"line":1,"column":45}},"2":{"start":{"line":10,"column":0},"end":{"line":10,"column":50}},"3":{"start":{"line":11,"column":0},"end":{"line":11,"column":22}},"4":{"start":{"line":12,"column":0},"end":{"line":12,"column":18}},"5":{"start":{"line":13,"column":0},"end":{"line":13,"column":22}},"6":{"start":{"line":14,"column":0},"end":{"line":14,"column":26}},"7":{"start":{"line":15,"column":0},"end":{"line":15,"column":42}},"8":{"start":{"line":17,"column":0},"end":{"line":41,"column":1}},"9":{"start":{"line":18,"column":2},"end":{"line":18,"column":11}},"10":{"start":{"line":19,"column":2},"end":{"line":19,"column":8}},"11":{"start":{"line":20,"column":2},"end":{"line":40,"column":3}},"12":{"start":{"line":21,"column":4},"end":{"line":23,"column":5}},"13":{"start":{"line":22,"column":6},"end":{"line":22,"column":33}},"14":{"start":{"line":24,"column":4},"end":{"line":26,"column":5}},"15":{"start":{"line":25,"column":6},"end":{"line":25,"column":33}},"16":{"start":{"line":28,"column":4},"end":{"line":28,"column":49}},"17":{"start":{"line":29,"column":4},"end":{"line":33,"column":5}},"18":{"start":{"line":30,"column":6},"end":{"line":32,"column":7}},"19":{"start":{"line":31,"column":8},"end":{"line":31,"column":32}},"20":{"start":{"line":34,"column":4},"end":{"line":38,"column":5}},"21":{"start":{"line":35,"column":6},"end":{"line":35,"column":51}},"22":{"start":{"line":37,"column":6},"end":{"line":37,"column":50}},"23":{"start":{"line":39,"column":4},"end":{"line":39,"column":45}},"24":{"start":{"line":43,"column":0},"end":{"line":61,"column":1}},"25":{"start":{"line":44,"column":2},"end":{"line":44,"column":11}},"26":{"start":{"line":45,"column":2},"end":{"line":60,"column":3}},"27":{"start":{"line":46,"column":4},"end":{"line":48,"column":5}},"28":{"start":{"line":47,"column":6},"end":{"line":47,"column":33}},"29":{"start":{"line":49,"column":4},"end":{"line":51,"column":5}},"30":{"start":{"line":50,"column":6},"end":{"line":50,"column":33}},"31":{"start":{"line":53,"column":4},"end":{"line":53,"column":49}},"32":{"start":{"line":54,"column":4},"end":{"line":58,"column":5}},"33":{"start":{"line":55,"column":6},"end":{"line":55,"column":49}},"34":{"start":{"line":57,"column":6},"end":{"line":57,"column":50}},"35":{"start":{"line":59,"column":4},"end":{"line":59,"column":43}},"36":{"start":{"line":63,"column":0},"end":{"line":87,"column":1}},"37":{"start":{"line":64,"column":2},"end":{"line":64,"column":11}},"38":{"start":{"line":65,"column":2},"end":{"line":65,"column":8}},"39":{"start":{"line":66,"column":2},"end":{"line":86,"column":3}},"40":{"start":{"line":67,"column":4},"end":{"line":69,"column":5}},"41":{"start":{"line":68,"column":6},"end":{"line":68,"column":33}},"42":{"start":{"line":70,"column":4},"end":{"line":72,"column":5}},"43":{"start":{"line":71,"column":6},"end":{"line":71,"column":33}},"44":{"start":{"line":74,"column":4},"end":{"line":74,"column":49}},"45":{"start":{"line":75,"column":4},"end":{"line":79,"column":5}},"46":{"start":{"line":76,"column":6},"end":{"line":78,"column":7}},"47":{"start":{"line":77,"column":8},"end":{"line":77,"column":32}},"48":{"start":{"line":80,"column":4},"end":{"line":84,"column":5}},"49":{"start":{"line":81,"column":6},"end":{"line":81,"column":51}},"50":{"start":{"line":83,"column":6},"end":{"line":83,"column":50}},"51":{"start":{"line":85,"column":4},"end":{"line":85,"column":45}},"52":{"start":{"line":89,"column":0},"end":{"line":93,"column":1}},"53":{"start":{"line":90,"column":2},"end":{"line":92,"column":3}},"54":{"start":{"line":91,"column":4},"end":{"line":91,"column":48}},"55":{"start":{"line":95,"column":0},"end":{"line":187,"column":1}},"56":{"start":{"line":106,"column":2},"end":{"line":115,"column":12}},"57":{"start":{"line":117,"column":2},"end":{"line":180,"column":3}},"58":{"start":{"line":118,"column":4},"end":{"line":118,"column":41}},"59":{"start":{"line":119,"column":4},"end":{"line":119,"column":20}},"60":{"start":{"line":120,"column":4},"end":{"line":120,"column":61}},"61":{"start":{"line":121,"column":4},"end":{"line":121,"column":32}},"62":{"start":{"line":122,"column":4},"end":{"line":179,"column":5}},"63":{"start":{"line":123,"column":6},"end":{"line":132,"column":7}},"64":{"start":{"line":125,"column":8},"end":{"line":125,"column":27}},"65":{"start":{"line":127,"column":8},"end":{"line":127,"column":49}},"66":{"start":{"line":129,"column":8},"end":{"line":129,"column":17}},"67":{"start":{"line":131,"column":8},"end":{"line":131,"column":20}},"68":{"start":{"line":133,"column":11},"end":{"line":179,"column":5}},"69":{"start":{"line":134,"column":6},"end":{"line":138,"column":7}},"70":{"start":{"line":135,"column":8},"end":{"line":135,"column":20}},"71":{"start":{"line":136,"column":13},"end":{"line":138,"column":7}},"72":{"start":{"line":137,"column":8},"end":{"line":137,"column":20}},"73":{"start":{"line":140,"column":6},"end":{"line":140,"column":18}},"74":{"start":{"line":142,"column":6},"end":{"line":146,"column":7}},"75":{"start":{"line":143,"column":8},"end":{"line":143,"column":49}},"76":{"start":{"line":145,"column":8},"end":{"line":145,"column":17}},"77":{"start":{"line":147,"column":11},"end":{"line":179,"column":5}},"78":{"start":{"line":148,"column":6},"end":{"line":152,"column":7}},"79":{"start":{"line":149,"column":8},"end":{"line":149,"column":21}},"80":{"start":{"line":150,"column":13},"end":{"line":152,"column":7}},"81":{"start":{"line":151,"column":8},"end":{"line":151,"column":21}},"82":{"start":{"line":154,"column":6},"end":{"line":154,"column":18}},"83":{"start":{"line":156,"column":6},"end":{"line":160,"column":7}},"84":{"start":{"line":157,"column":8},"end":{"line":157,"column":49}},"85":{"start":{"line":159,"column":8},"end":{"line":159,"column":17}},"86":{"start":{"line":162,"column":6},"end":{"line":178,"column":7}},"87":{"start":{"line":163,"column":8},"end":{"line":167,"column":9}},"88":{"start":{"line":164,"column":10},"end":{"line":164,"column":51}},"89":{"start":{"line":166,"column":10},"end":{"line":166,"column":19}},"90":{"start":{"line":168,"column":13},"end":{"line":178,"column":7}},"91":{"start":{"line":169,"column":8},"end":{"line":169,"column":20}},"92":{"start":{"line":170,"column":8},"end":{"line":170,"column":20}},"93":{"start":{"line":171,"column":13},"end":{"line":178,"column":7}},"94":{"start":{"line":172,"column":8},"end":{"line":172,"column":21}},"95":{"start":{"line":173,"column":8},"end":{"line":173,"column":20}},"96":{"start":{"line":174,"column":13},"end":{"line":178,"column":7}},"97":{"start":{"line":175,"column":8},"end":{"line":175,"column":26}},"98":{"start":{"line":177,"column":8},"end":{"line":177,"column":20}},"99":{"start":{"line":182,"column":2},"end":{"line":184,"column":3}},"100":{"start":{"line":183,"column":4},"end":{"line":183,"column":45}},"101":{"start":{"line":186,"column":2},"end":{"line":186,"column":14}},"102":{"start":{"line":189,"column":0},"end":{"line":204,"column":1}},"103":{"start":{"line":190,"column":2},"end":{"line":203,"column":3}},"104":{"start":{"line":192,"column":4},"end":{"line":192,"column":36}},"105":{"start":{"line":200,"column":4},"end":{"line":200,"column":27}},"106":{"start":{"line":202,"column":4},"end":{"line":202,"column":15}},"107":{"start":{"line":206,"column":0},"end":{"line":212,"column":1}},"108":{"start":{"line":207,"column":2},"end":{"line":211,"column":3}},"109":{"start":{"line":208,"column":4},"end":{"line":208,"column":22}},"110":{"start":{"line":210,"column":4},"end":{"line":210,"column":14}}},"branchMap":{"1":{"line":20,"type":"if","locations":[{"start":{"line":20,"column":2},"end":{"line":20,"column":2}},{"start":{"line":20,"column":2},"end":{"line":20,"column":2}}]},"2":{"line":20,"type":"binary-expr","locations":[{"start":{"line":20,"column":6},"end":{"line":20,"column":35}},{"start":{"line":20,"column":39},"end":{"line":20,"column":61}}]},"3":{"line":21,"type":"if","locations":[{"start":{"line":21,"column":4},"end":{"line":21,"column":4}},{"start":{"line":21,"column":4},"end":{"line":21,"column":4}}]},"4":{"line":24,"type":"if","locations":[{"start":{"line":24,"column":4},"end":{"line":24,"column":4}},{"start":{"line":24,"column":4},"end":{"line":24,"column":4}}]},"5":{"line":30,"type":"if","locations":[{"start":{"line":30,"column":6},"end":{"line":30,"column":6}},{"start":{"line":30,"column":6},"end":{"line":30,"column":6}}]},"6":{"line":34,"type":"if","locations":[{"start":{"line":34,"column":4},"end":{"line":34,"column":4}},{"start":{"line":34,"column":4},"end":{"line":34,"column":4}}]},"7":{"line":34,"type":"binary-expr","locations":[{"start":{"line":34,"column":8},"end":{"line":34,"column":23}},{"start":{"line":34,"column":27},"end":{"line":34,"column":54}},{"start":{"line":34,"column":58},"end":{"line":34,"column":76}}]},"8":{"line":45,"type":"if","locations":[{"start":{"line":45,"column":2},"end":{"line":45,"column":2}},{"start":{"line":45,"column":2},"end":{"line":45,"column":2}}]},"9":{"line":45,"type":"binary-expr","locations":[{"start":{"line":45,"column":6},"end":{"line":45,"column":35}},{"start":{"line":45,"column":39},"end":{"line":45,"column":59}}]},"10":{"line":46,"type":"if","locations":[{"start":{"line":46,"column":4},"end":{"line":46,"column":4}},{"start":{"line":46,"column":4},"end":{"line":46,"column":4}}]},"11":{"line":49,"type":"if","locations":[{"start":{"line":49,"column":4},"end":{"line":49,"column":4}},{"start":{"line":49,"column":4},"end":{"line":49,"column":4}}]},"12":{"line":54,"type":"if","locations":[{"start":{"line":54,"column":4},"end":{"line":54,"column":4}},{"start":{"line":54,"column":4},"end":{"line":54,"column":4}}]},"13":{"line":54,"type":"binary-expr","locations":[{"start":{"line":54,"column":8},"end":{"line":54,"column":23}},{"start":{"line":54,"column":27},"end":{"line":54,"column":54}},{"start":{"line":54,"column":58},"end":{"line":54,"column":76}}]},"14":{"line":66,"type":"if","locations":[{"start":{"line":66,"column":2},"end":{"line":66,"column":2}},{"start":{"line":66,"column":2},"end":{"line":66,"column":2}}]},"15":{"line":66,"type":"binary-expr","locations":[{"start":{"line":66,"column":6},"end":{"line":66,"column":35}},{"start":{"line":66,"column":39},"end":{"line":66,"column":61}}]},"16":{"line":67,"type":"if","locations":[{"start":{"line":67,"column":4},"end":{"line":67,"column":4}},{"start":{"line":67,"column":4},"end":{"line":67,"column":4}}]},"17":{"line":70,"type":"if","locations":[{"start":{"line":70,"column":4},"end":{"line":70,"column":4}},{"start":{"line":70,"column":4},"end":{"line":70,"column":4}}]},"18":{"line":76,"type":"if","locations":[{"start":{"line":76,"column":6},"end":{"line":76,"column":6}},{"start":{"line":76,"column":6},"end":{"line":76,"column":6}}]},"19":{"line":80,"type":"if","locations":[{"start":{"line":80,"column":4},"end":{"line":80,"column":4}},{"start":{"line":80,"column":4},"end":{"line":80,"column":4}}]},"20":{"line":80,"type":"binary-expr","locations":[{"start":{"line":80,"column":8},"end":{"line":80,"column":23}},{"start":{"line":80,"column":27},"end":{"line":80,"column":54}},{"start":{"line":80,"column":58},"end":{"line":80,"column":76}}]},"21":{"line":90,"type":"if","locations":[{"start":{"line":90,"column":2},"end":{"line":90,"column":2}},{"start":{"line":90,"column":2},"end":{"line":90,"column":2}}]},"22":{"line":118,"type":"cond-expr","locations":[{"start":{"line":118,"column":20},"end":{"line":118,"column":35}},{"start":{"line":118,"column":38},"end":{"line":118,"column":40}}]},"23":{"line":120,"type":"cond-expr","locations":[{"start":{"line":120,"column":40},"end":{"line":120,"column":55}},{"start":{"line":120,"column":58},"end":{"line":120,"column":60}}]},"24":{"line":122,"type":"if","locations":[{"start":{"line":122,"column":4},"end":{"line":122,"column":4}},{"start":{"line":122,"column":4},"end":{"line":122,"column":4}}]},"25":{"line":123,"type":"if","locations":[{"start":{"line":123,"column":6},"end":{"line":123,"column":6}},{"start":{"line":123,"column":6},"end":{"line":123,"column":6}}]},"26":{"line":123,"type":"binary-expr","locations":[{"start":{"line":123,"column":10},"end":{"line":123,"column":20}},{"start":{"line":123,"column":24},"end":{"line":123,"column":38}}]},"27":{"line":133,"type":"if","locations":[{"start":{"line":133,"column":11},"end":{"line":133,"column":11}},{"start":{"line":133,"column":11},"end":{"line":133,"column":11}}]},"28":{"line":134,"type":"if","locations":[{"start":{"line":134,"column":6},"end":{"line":134,"column":6}},{"start":{"line":134,"column":6},"end":{"line":134,"column":6}}]},"29":{"line":134,"type":"binary-expr","locations":[{"start":{"line":134,"column":10},"end":{"line":134,"column":19}},{"start":{"line":134,"column":23},"end":{"line":134,"column":37}}]},"30":{"line":136,"type":"if","locations":[{"start":{"line":136,"column":13},"end":{"line":136,"column":13}},{"start":{"line":136,"column":13},"end":{"line":136,"column":13}}]},"31":{"line":136,"type":"binary-expr","locations":[{"start":{"line":136,"column":17},"end":{"line":136,"column":26}},{"start":{"line":136,"column":30},"end":{"line":136,"column":44}}]},"32":{"line":142,"type":"if","locations":[{"start":{"line":142,"column":6},"end":{"line":142,"column":6}},{"start":{"line":142,"column":6},"end":{"line":142,"column":6}}]},"33":{"line":147,"type":"if","locations":[{"start":{"line":147,"column":11},"end":{"line":147,"column":11}},{"start":{"line":147,"column":11},"end":{"line":147,"column":11}}]},"34":{"line":148,"type":"if","locations":[{"start":{"line":148,"column":6},"end":{"line":148,"column":6}},{"start":{"line":148,"column":6},"end":{"line":148,"column":6}}]},"35":{"line":148,"type":"binary-expr","locations":[{"start":{"line":148,"column":10},"end":{"line":148,"column":19}},{"start":{"line":148,"column":23},"end":{"line":148,"column":37}}]},"36":{"line":150,"type":"if","locations":[{"start":{"line":150,"column":13},"end":{"line":150,"column":13}},{"start":{"line":150,"column":13},"end":{"line":150,"column":13}}]},"37":{"line":150,"type":"binary-expr","locations":[{"start":{"line":150,"column":17},"end":{"line":150,"column":26}},{"start":{"line":150,"column":30},"end":{"line":150,"column":44}}]},"38":{"line":156,"type":"if","locations":[{"start":{"line":156,"column":6},"end":{"line":156,"column":6}},{"start":{"line":156,"column":6},"end":{"line":156,"column":6}}]},"39":{"line":162,"type":"if","locations":[{"start":{"line":162,"column":6},"end":{"line":162,"column":6}},{"start":{"line":162,"column":6},"end":{"line":162,"column":6}}]},"40":{"line":163,"type":"if","locations":[{"start":{"line":163,"column":8},"end":{"line":163,"column":8}},{"start":{"line":163,"column":8},"end":{"line":163,"column":8}}]},"41":{"line":168,"type":"if","locations":[{"start":{"line":168,"column":13},"end":{"line":168,"column":13}},{"start":{"line":168,"column":13},"end":{"line":168,"column":13}}]},"42":{"line":168,"type":"binary-expr","locations":[{"start":{"line":168,"column":17},"end":{"line":168,"column":26}},{"start":{"line":168,"column":30},"end":{"line":168,"column":46}}]},"43":{"line":171,"type":"if","locations":[{"start":{"line":171,"column":13},"end":{"line":171,"column":13}},{"start":{"line":171,"column":13},"end":{"line":171,"column":13}}]},"44":{"line":171,"type":"binary-expr","locations":[{"start":{"line":171,"column":17},"end":{"line":171,"column":26}},{"start":{"line":171,"column":30},"end":{"line":171,"column":46}}]},"45":{"line":174,"type":"if","locations":[{"start":{"line":174,"column":13},"end":{"line":174,"column":13}},{"start":{"line":174,"column":13},"end":{"line":174,"column":13}}]},"46":{"line":174,"type":"binary-expr","locations":[{"start":{"line":174,"column":17},"end":{"line":174,"column":27}},{"start":{"line":174,"column":31},"end":{"line":174,"column":47}}]},"47":{"line":182,"type":"if","locations":[{"start":{"line":182,"column":2},"end":{"line":182,"column":2}},{"start":{"line":182,"column":2},"end":{"line":182,"column":2}}]}},"code":["var cservice = require(\"../cluster-service\");","","/*"," * question - Question to split apart."," Ex: prop1 \"prop #2\" { \"prop\": 3 } [ \"prop #4\" ] 5"," * delimiter - What splits the properties? Can be one or more characters."," * return - An array of arguments."," Ex: [ \"prop1\", \"prop #2\", { \"prop\": 3 }, [ \"prop #4\" ],
[...]
end":{"line":62,"column":5}},"30":{"start":{"line":53,"column":4},"end":{"line":60,"column":5}},"31":{"start":{"line":54,"column":6},"end":{"line":54,"column":70}},"32":{"start":{"line":58,"column":6},"end":{"line":58,"column":25}},"33":{"start":{"line":59,"column":6},"end":{"line":59,"column":39}},"34":{"start":{"line":61,"column":4},"end":{"line":61,"column":72}},"35":{"start":{"line":65,"column":0},"end":{"line":65,"column":59}},"36":{"start":{"line":67,"column":0},"end":{"line":83,"column":1}},"37":{"start":{"line":68,"column":2},"end":{"line":68,"column":59}},"38":{"start":{"line":69,"column":2},"end":{"line":72,"column":3}},"39":{"start":{"line":70,"column":4},"end":{"line":70,"column":37}},"40":{"start":{"line":71,"column":4},"end":{"line":71,"column":54}},"41":{"start":{"line":75,"column":2},"end":{"line":82,"column":28}},"42":{"start":{"line":76,"column":4},"end":{"line":78,"column":5}},"43":{"start":{"line":77,"column":6},"end":{"line":77,"column":21}},"44":{"start":{"line":81,"column":4},"end":{"line":81,"column":47}},"45":{"start":{"line":85,"column":0},"end":{"line":106,"column":1}},"46":{"start":{"line":86,"column":2},"end":{"line":86,"column":59}},"47":{"start":{"line":87,"column":2},"end":{"line":89,"column":3}},"48":{"start":{"line":88,"column":4},"end":{"line":88,"column":29}},"49":{"start":{"line":92,"column":2},"end":{"line":92,"column":26}},"50":{"start":{"line":93,"column":2},"end":{"line":104,"column":10}},"51":{"start":{"line":94,"column":4},"end":{"line":94,"column":57}},"52":{"start":{"line":95,"column":4},"end":{"line":98,"column":5}},"53":{"start":{"line":96,"column":6},"end":{"line":96,"column":27}},"54":{"start":{"line":97,"column":6},"end":{"line":97,"column":31}},"55":{"start":{"line":99,"column":4},"end":{"line":99,"column":15}},"56":{"start":{"line":100,"column":4},"end":{"line":103,"column":5}},"57":{"start":{"line":101,"column":6},"end":{"line":101,"column":27}},"58":{"start":{"line":102,"column":6},"end":{"line":102,"column":65}},"59":{"start":{"line":105,"column":2},"end":{"line":105,"column":16}},"60":{"start":{"line":108,"column":0},"end":{"line":126,"column":1}},"61":{"start":{"line":109,"column":2},"end":{"line":109,"column":42}},"62":{"start":{"line":109,"column":35},"end":{"line":109,"column":42}},"63":{"start":{"line":111,"column":2},"end":{"line":125,"column":3}},"64":{"start":{"line":114,"column":6},"end":{"line":114,"column":61}},"65":{"start":{"line":115,"column":6},"end":{"line":117,"column":7}},"66":{"start":{"line":120,"column":6},"end":{"line":122,"column":7}},"67":{"start":{"line":124,"column":6},"end":{"line":124,"column":12}},"68":{"start":{"line":128,"column":0},"end":{"line":140,"column":1}},"69":{"start":{"line":129,"column":2},"end":{"line":129,"column":23}},"70":{"start":{"line":130,"column":2},"end":{"line":130,"column":38}},"71":{"start":{"line":131,"column":2},"end":{"line":134,"column":3}},"72":{"start":{"line":132,"column":4},"end":{"line":132,"column":11}},"73":{"start":{"line":135,"column":2},"end":{"line":135,"column":27}},"74":{"start":{"line":136,"column":2},"end":{"line":138,"column":5}},"75":{"start":{"line":139,"column":2},"end":{"line":139,"column":41}}},"branchMap":{"1":{"line":23,"type":"if","locations":[{"start":{"line":23,"column":0},"end":{"line":23,"column":0}},{"start":{"line":23,"column":0},"end":{"line":23,"column":0}}]},"2":{"line":26,"type":"if","locations":[{"start":{"line":26,"column":2},"end":{"line":26,"column":2}},{"start":{"line":26,"column":2},"end":{"line":26,"column":2}}]},"3":{"line":29,"type":"if","locations":[{"start":{"line":29,"column":2},"end":{"line":29,"column":2}},{"start":{"line":29,"column":2},"end":{"line":29,"column":2}}]},"4":{"line":32,"type":"if","locations":[{"start":{"line":32,"column":2},"end":{"line":32,"column":2}},{"start":{"line":32,"column":2},"end":{"line":32,"column":2}}]},"5":{"line":48,"type":"binary-expr","locations":[{"start":{"line":48,"column":19},"end":{"line":48,"column":45}},{"start":{"line":49,"column":4},"end":{"line":49,"column":48}}]},"6":{"line":53,"type":"if","locations":[{"start":{"line":53,"column":4},"end":{"line":53,"column":4}},{"start":{"line":53,"column":4},"end":{"line":53,"column":4}}]},"7":{"line":69,"type":"if","locations":[{"start":{"line":69,"column":2},"end":{"line":69,"column":2}},{"start":{"line":69,"column":2},"end":{"line":69,"column":2}}]},"8":{"line":76,"type":"if","locations":[{"start":{"line":76,"column":4},"end":{"line":76,"column":4}},{"start":{"line":76,"column":4},"end":{"line":76,"column":4}}]},"9":{"line":87,"type":"if","locations":[{"start":{"line":87,"column":2},"end":{"line":87,"column":2}},{"start":{"line":87,"column":2},"end":{"line":87,"column":2}}]},"10":{"line":87,"type":"binary-expr","locations":[{"start":{"line":87,"column":6},"end":{"line":87,"column":13}},{"start":{"line":87,"column":17},"end":{"line":87,"column":40}}]},"11":{"line":95,"type":"if","locations":[{"start":{"line":95,"column":4},"end":{"line":95,"column":4}},{"start":{"line":95,"column":4},"end":{"line":95,"column":4}}]},"12":{"line":95,"type":"binary-expr","locations":[{"start":{"line":95,"column":8},"end":{"line":95,"column":15}},{"start":{"line":95,"column":19},"end":{"line":95,"column":42}}]},"13":{"line":100,"type":"if","locations":[{"start":{"line":100,"column":4},"end":{"line":100,"column":4}},{"start":{"line":100,"column":4},"end":{"line":100,"column":4}}]},"14":{"line":109,"type":"if","locations":[{"start":{"line":109,"column":2},"end":{"line":109,"column":2}},{"start":{"line":109,"column":2},"end":{"line":109,"column":2}}]},"15":{"line":111,"type":"switch","locations":[{"start":{"line":112,"column":4},"end":{"line":124,"column":12}}]},"16":{"line":131,"type":"if","locations":[{"start":{"line":131,"column":2},"end":{"line":131,"column":2}},{"start":{"line":131,"column":2},"end":{"line":131,"column":2}}]},"17":{"line":131,"type":"binary-expr","locations":[{"start":{"line":131,"column":6},"end":{"line":131,"column":15}},{"start":{"line":131,"column":19},"end":{"line":131,"column":30}}]}},"code":["var cservice = require(\"../cluster-service\");","var cluster = require(\"cluster\");","var fs = require(\"fs\");","var path = require(\"path\");","var httpProxy = require('http-proxy');","var msgBus = require('./message-bus');","","cservice.workerReady(false);","","var proxy = httpProxy.createProxyServer({});","var versionHeader = cluster.worker.env.versionHeader;","var versionPath = cluster.worker.env.versionPath;","var bindingInfo = JSON.parse(cluster.worker.env.bindingInfo);","var workerFilename = cluster.worker.env.workerFilename;","var waiters = {};","cservice.locals.proxy.defaultVersion = null; // default not set til online","","// set initial versions based on state provided by master","cservice.locals.proxy.versions = JSON.parse(cluster.worker.env.versions);","","var proxyServer;","","if (bindingInfo.tlsOptions) {","  // https","","  if (typeof bindingInfo.tlsOptions.key === \"string\") {","    bindingInfo.tlsOptions.key = fs.readFileSync(bindingInfo.tlsOptions.key);","  }","  if (typeof bindingInfo.tlsOptions.cert === \"string\") {","    bindingInfo.tlsOptions.cert = fs.readFileSync(bindingInfo.tlsOptions.cert);","  }","  if (typeof bindingInfo.tlsOptions.pem === \"string\") {","    bindingInfo.tlsOptions.pem = fs.readFileSync(bindingInfo.tlsOptions.pem);","  }","","  proxyServer = require(\"https\").createServer(","    bindingInfo.tlsOptions, proxyServerRequest","  );","} else {","  // http","","  proxyServer = require(\"http\").createServer(proxyServerRequest);","}","","process.on(\"message\", onMessageFromMaster);","","function proxyServerRequest(req, res) {","  var versionStr = req.headers[versionHeader] ||","    cservice.locals.proxy.options.defaultVersion","  ;","","  getProxyVersion(versionStr, function (err, version) {","    if (err) {","      cservice.log(\"Failed to load proxy version \" + versionStr, err);","","      // todo: add option to set 404 content","      // via options.customResponses[404] file","      res.writeHead(404);","      return void res.end(\"Not found\");","    }","    proxy.web(req, res, { target: \"http://127.0.0.1:\" + version.port });","  });","}","","proxyServer.listen(bindingInfo.port, cservice.workerReady);","","function getProxyVersion(versionStr, cb) {","  var version = cservice.locals.proxy.versions[versionStr];","  if (version) {","    updateVersionLastAccess(version);","    return waitForVersionToComeOnline(versionStr, cb);","  }","","  // version not found, lets start it","  cservice.trigger(\"proxy\", function(err, result) {","    if (err) {","      return cb(err);","    }","","    // return newly started version","    waitForVersionToComeOnline(versionStr, cb);","  }, \"version\", versionStr);","}","","function waitForVersionToComeOnline(versionStr, cb) {","  var version = cservice.locals.proxy.versions[versionStr];","  if (version && version.online === true) {","    return cb(null, version); // ready!","  }","","  // try waiting","  var timer, attempts = 0;","  timer = setInterval(function() {","    version = cservice.locals.proxy.versions[versionStr];","    if (version && version.online === true) {","      clearInterval(timer);","      return cb(null, version);","    }","    attempts++;","    if (attempts > 240) {","      clearInterval(timer);","      return cb(\"Timed out waiting for version to come online!\");","    }","  }, 250);","  timer.unref();","}","","function onMessageFromMaster(msg) {","  if (!msgBus.isValidMessage(msg)) return;","","  switch (msg.cservice.cmd) {","    case \"proxyVersions\":","      // update versions state","      cservice.locals.proxy.versions = msg.cservice.versions;","      cservice.locals.proxy.options.defaultVersion =","        msg.cservice.defaultVersion","      ;","","      // update version for default port mapping","      cservice.locals.proxy.defaultVersion =","        cservice.locals.proxy.versions[msg.cservice.defaultVersion]","      ;","","      break;","  }","}","","function updateVersionLastAccess(version) {","  var now = Date.now();","  var diff = now - version.lastAccess;","  if (diff >= 0 && diff < 5000) {","    return; // if less than 5 seconds since last access,","            // don't bother updating master","  }","  version.lastAccess = now;","  var msg = cservice.msgBus.createMessage(\"versionUpdateLastAccess\", {","    version: version.name","  });","  cservice.processSafeSend(process, msg);","}",""],"l":{"1":2,"2":2,"3":2,"4":2,"5":2,"6":0,"8":0,"10":0,"11":0,"12":0,"13":0,"14":0,"15":0,"16":0,"19":0,"21":0,"23":0,"26":0,"27":0,"29":0,"30":0,"32":0,"33":0,"36":0,"42":0,"45":0,"47":1,"48":0,"52":0,"53":0,"54":0,"58":0,"59":0,"61":0,"65":0,"67":1,"68":0,"69":0,"70":0,"71":0,"75":0,"76":0,"77":0,"81":0,"85":1,"86":0,"87":0,"88":0,"92":0,"93":0,"94":0,"95":0,"96":0,"97":0,"99":0,"100":0,"101":0,"102":0,"105":0,"108":1,"109":0,"111":0,"114":0,"115":0,"120":0,"124":0,"128":1,"129":0,"130":0,"131":0,"132":0,"135":0,"136":0,"139":0}},"/tmp/npmtest/node-npmtest-cluster-service/node_modules/cluster-service/lib/run.js":{"path":"/tmp/npmtest/node-npmtest-cluster-service/node_modules/cluster-service/lib/run.js","s":{"1":1,"2":1,"3":0,"4":0,"5":0,"6":0,"7":0,"8":1,"9":0,"10":0,"11":0,"12":0,"13":0,"14":0,"15":0,"16":0,"17":0,"18":0,"19":0,"20":0,"21":0,"22":0,"23":0,"24":0,"25":0,"26":0,"27":0,"28":0,"29":0,"30":0,"31":0,"32":0,"33":0,"34":0,"35":0},"b":{"1":[0,0],"2":[0,0],"3":[0,0],"4":[0,0],"5":[0,0],"6":[0,0],"7":[0,0],"8":[0,0],"9":[0,0],"10":[0,0,0],"11":[0,0],"12":[0,0],"13":[0,0],"14":[0,0]},"f":{"1":0,"2":0,"3":0,"4":0,"5":0,"6":0},"fnMap":{"1":{"name":"(anonymous_1)","line":7,"loc":{"start":{"line":7,"column":16},"end":{"line":7,"column":32}}},"2":{"name":"run","line":17,"loc":{"start":{"line":17,"column":0},"end":{"line":17,"column":27}}},"3":{"name":"(anonymous_3)","line":40,"loc":{"start":{"line":40,"column":6},"end":{"line":40,"column":20}}},"4":{"name":"(anonymous_4)","line":42,"loc":{"start":{"line":42,"column":21},"end":{"line":42,"column":37}}},"5":{"name":"(anonymous_5)","line":45,"loc":{"start":{"line":45,"column":20},"end":{"line":45,"column":31}}},"6":{"name":"(anonymous_6)","line":74,"loc":{"start":{"line":74,"column":6},"end":{"line":74,"column":20}}}},"statementMap":{"1":{"start":{"line":1,"column":0},"end":{"line":5,"column":43}},"2":{"start":{"line":7,"column":0},"end":{"line":15,"column":2}},"3":{"start":{"line":8,"column":2},"end":{"line":8,"column":10}},"4":{"start":{"line":9,"column":2},"end":{"line":9,"column":14}},"5":{"start":{"line":11,"column":2},"end":{"line":11,"column":20}},"6":{"start":{"line":12,"column":2},"end":{"line":12,"column":21}},"7":{"start":{"line":14,"column":2},"end":{"line":14,"column":15}},"8":{"start":{"line":17,"column":0},"end":{"line":89,"column":1}},"9":{"start":{"line":18,"column":2},"end":{"line":21,"column":5}},"10":{"start":{"line":22,"column":2},"end":{"line":22,"column":21}},"11":{"start":{"line":23,"column":2},"end":{"line":29,"column":5}},"12":{"start":{"line":30,"column":2},"end":{"line":33,"column":6}},"13":{"start":{"line":34,"column":2},"end":{"line":88,"column":9}},"14":{"start":{"line":41,"column":6},"end":{"line":41,"column":30}},"15":{"start":{"line":42,"column":6},"end":{"line":44,"column":9}},"16":{"start":{"line":43,"column":8},"end":{"line":43,"column":22}},"17":{"start":{"line":45,"column":6},"end":{"line":70,"column":9}},"18":{"start":{"line":46,"column":8},"end":{"line":48,"column":9}},"19":{"start":{"line":47,"column":10},"end":{"line":47,"column":21}},"20":{"start":{"line":49,"column":8},"end":{"line":60,"column":9}},"21":{"start":{"line":50,"column":10},"end":{"line":50,"column":41}},"22":{"start":{"line":51,"column":10},"end":{"line":51,"column":80}},"23":{"start":{"line":52,"column":15},"end":{"line":60,"column":9}},"24":{"start":{"line":59,"column":10},"end":{"line":59,"column":34}},"25":{"start":{"line":61,"column":8},"end":{"line":65,"column":9}},"26":{"start":{"line":62,"column":10},"end":{"line":62,"column":49}},"27":{"start":{"line":64,"column":10},"end":{"line":64,"column":76}},"28":{"start":{"line":67,"column":8},"end":{"line":69,"column":9}},"29":{"start":{"line":68,"column":10},"end":{"line":68,"column":24}},"30":{"start":{"line":75,"column":6},"end":{"line":75,"column":17}},"31":{"start":{"line":77,"column":6},"end":{"line":81,"column":7}},"32":{"start":{"line":78,"column":8},"end":{"line":78,"column":47}},"33":{"start":{"line":80,"column":8},"end":{"line":80,"column":74}},"34":{"start":{"line":83,"column":6},"end":{"line":85,"column":7}},"35":{"start":{"line":84,"column":8},"end":{"line":84,"column":22}}},"branchMap":{"1":{"line":24,"type":"binary-expr","locations":[{"start":{"line":24,"column":7},"end":{"line":24,"column":19}},{"start":{"line":24,"column":23},"end":{"line":24,"column":34}}]},"2":{"line":26,"type":"binary-expr","locations":[{"start":{"line":26,"column":7},"end":{"line":26,"column":19}},{"start":{"line":26,"column":23},"end":{"line":26,"column":28}}]},"3":{"line":35,"type":"binary-expr","locations":[{"start":{"line":35,"column":12},"end":{"line":35,"column":24}},{"start":{"line":35,"column":28},"end":{"line":35,"column":39}}]},"4":{"line":36,"type":"binary-expr","locations":[{"start":{"line":36,"column":12},"end":{"line":36,"column":24}},{"start":{"line":36,"column":28},"end":{"line":36,"column":33}}]},"5":{"line":46,"type":"if","locations":[{"start":{"line":46,"column":8},"end":{"line":46,"column":8}},{"start":{"line":46,"column":8},"end":{"line":46,"column":8}}]},"6":{"line":46,"type":"binary-expr","locations":[{"start":{"line":46,"column":12},"end":{"line":46,"column":34}},{"start":{"line":46,"column":38},"end":{"line":46,"column":42}}]},"7":{"line":49,"type":"if","locations":[{"start":{"line":49,"column":8},"end":{"line":49,"column":8}},{"start":{"line":49,"column":8},"end":{"line":49,"column":8}}]},"8":{"line":51,"type":"cond-expr","locations":[{"start":{"line":51,"column":36},"end":{"line":51,"column":50}},{"start":{"line":51,"column":53},"end":{"line":51,"column":66}}]},"9":{"line":52,"type":"if","locations":[{"start":{"line":52,"column":15},"end":{"line":52,"column":15}},{"start":{"line":52,"column":15},"end":{"line":52,"column":15}}]},"10":{"line":53,"type":"binary-expr","locations":[{"start":{"line":53,"column":10},"end":{"line":53,"column":34}},{"start":{"line":55,"column":12},"end":{"line":55,"column":35}},{"start":{"line":56,"column":15},"end":{"line":56,"column":38}}]},"11":{"line":61,"type":"if","locations":[{"start":{"line":61,"column":8},"end":{"line":61,"column":8}},{"start":{"line":61,"column":8},"end":{"line":61,"column":8}}]},"12":{"line":67,"type":"if","locations":[{"start":{"line":67,"column":8},"end":{"line":67,"column":8}},{"start":{"line":67,"column":8},"end":{"line":67,"column":8}}]},"13":{"line":77,"type":"if","locations":[{"start":{"line":77,"column":6},"end":{"line":77,"column":6}},{"start":{"line":77,"column":6},"end":{"line":77,"column":6}}]},"14":{"line":83,"type":"if","locations":[{"start":{"line":83,"column":6},"end":{"line":83,"column":6}},{"start":{"line":83,"column":6},"end":{"line":83,"column":6}}]}},"code":["var util = require(\"util\"),","  http = require(\"http\"),","  querystring = require(\"querystring\"),","  options = null,","  cservice = require(\"../cluster-service\");","","exports.start = function(o, cb) {","  var cmd;","  options = o;","","  cmd = options.run;","  delete options.run;","","  run(cmd, cb);","};","","function run(question, cb) {","  var qs = querystring.stringify({","    cmd: question,","    accessKey: options.accessKey","  });","  var body = \"\", err;","  var url = \"http://\"","    + (options.host || \"localhost\")","    + \":\"","    + (options.port || 11987)","    + \"/cli\"","    + \"?\" + qs","    ;","  cservice.log(","    \"Running remote command: \".warn","    + url.replace(/accessKey=.*/i, \"accessKey={ACCESS_KEY}\").data","    );","  http.request({","      host: options.host || \"localhost\",","      port: options.port || 11987,","      path: \"/cli?\" + qs,","      method: \"POST\"","    }","    , function(res) {","      res.setEncoding('utf8');","      res.on(\"data\", function(chunk) {","        body += chunk;","      });","      res.on(\"end\", function() {","        if (res.statusCode !== 200 && body) {","          err = body;","        }","        if (err) {","          cservice.error(\"Error: \", err);","          body = {statusCode: res ? res.statusCode : \"no response\", error: err};","        } else if (","          typeof body === \"string\"","          && (","            body.indexOf(\"{\") === 0","            || body.indexOf(\"[\") === 0","            )","          ) {","          body = JSON.parse(body); // deserialize","        }","        if (options.json === true) {","          cservice.results(JSON.stringify(body));","        } else {","          cservice.results(util.inspect(body, {depth: null, colors: true}));","        }","","        if (cb) {","          cb(err, body);","        }","      });","    }","  ).on(","    \"error\"","    , function(err) {","      body = err;","","      if (options.json === true) {","        cservice.results(JSON.stringify(body));","      } else {","        cservice.results(util.inspect(body, {depth: null, colors: true}));","      }","","      if (cb) {","        cb(err, body);","      }","    }","  )","  .end();","}",""],"l":{"1":1,"7":1,"8":0,"9":0,"11":0,"12":0,"14":0,"17":1,"18":0,"22":0,"23":0,"30":0,"34":0,"41":0,"42":0,"43":0,"45":0,"46":0,"47":0,"49":0,"50":0,"51":0,"52":0,"59":0,"61":0,"62":0,"64":0,"67":0,"68":0,"75":0,"77":0,"78":0,"80":0,"83":0,"84":0}},"/tmp/npmtest/node-npmtest-cluster-service/node_modules/cluster-service/scripts/start.js":{"path":"/tmp/npmtest/node-npmtest-cluster-service/node_modules/cluster-service/scripts/start.js","s":{"1":2},"b":{},"f":{},"fnMap":{},"statementMap":{"1":{"start":{"line":1,"column":0},"end":{"line":1,"column":38}}},"branchMap":{},"code":["require(\"../cluster-service\").start();",""],"l":{"1":2}}}